Log file open, 03/15/22 18:23:19
LogWindows: Failed to load 'aqProf.dll' (GetLastError=126)
LogWindows: File 'aqProf.dll' does not exist
LogWindows: Failed to load 'VtuneApi.dll' (GetLastError=126)
LogWindows: File 'VtuneApi.dll' does not exist
LogWindows: Failed to load 'VtuneApi32e.dll' (GetLastError=126)
LogWindows: File 'VtuneApi32e.dll' does not exist
LogConsoleResponse: Display: Failed to find resolution value strings in scalability ini. Falling back to default.
LogConsoleResponse: Display: Failed to find resolution value strings in scalability ini. Falling back to default.
LogInit: Display: Running engine for game: InfiniteMatrix222
LogPlatformFile: Not using cached read wrapper
LogTaskGraph: Started task graph with 5 named threads and 23 total threads with 3 sets of task threads.
LogStats: Stats thread started at 0.375834
LogICUInternationalization: ICU TimeZone Detection - Raw Offset: -6:00, Platform Override: ''
LogInit: Display: Loading text-based GConfig....
LogPluginManager: Mounting plugin MeshPainting
LogPluginManager: Mounting plugin XGEController
LogPluginManager: Mounting plugin Paper2D
LogPluginManager: Mounting plugin LiveLink
LogPluginManager: Mounting plugin CameraShakePreviewer
LogPluginManager: Mounting plugin LightPropagationVolume
LogPluginManager: Mounting plugin GameplayCameras
LogPluginManager: Mounting plugin AnimationSharing
LogPluginManager: Mounting plugin CLionSourceCodeAccess
LogPluginManager: Mounting plugin CodeLiteSourceCodeAccess
LogPluginManager: Mounting plugin GitSourceControl
LogPluginManager: Mounting plugin KDevelopSourceCodeAccess
LogPluginManager: Mounting plugin NullSourceCodeAccess
LogPluginManager: Mounting plugin PerforceSourceControl
LogPluginManager: Mounting plugin PlasticSourceControl
LogPluginManager: Mounting plugin PixWinPlugin
LogPluginManager: Mounting plugin PluginUtils
LogPluginManager: Mounting plugin PropertyAccessNode
LogPluginManager: Mounting plugin RiderSourceCodeAccess
LogPluginManager: Mounting plugin SubversionSourceControl
LogPluginManager: Mounting plugin TextureFormatOodle
LogPluginManager: Mounting plugin AISupport
LogPluginManager: Mounting plugin UObjectPlugin
LogPluginManager: Mounting plugin VisualStudioSourceCodeAccess
LogPluginManager: Mounting plugin VisualStudioCodeSourceCodeAccess
LogPluginManager: Mounting plugin EnvironmentQueryEditor
LogPluginManager: Mounting plugin XCodeSourceCodeAccess
LogPluginManager: Mounting plugin OodleData
LogPluginManager: Mounting plugin OodleNetwork
LogPluginManager: Mounting plugin AssetManagerEditor
LogPluginManager: Mounting plugin CurveEditorTools
LogPluginManager: Mounting plugin DataValidation
LogPluginManager: Mounting plugin CryptoKeys
LogPluginManager: Mounting plugin FacialAnimation
LogPluginManager: Mounting plugin GameplayTagsEditor
LogPluginManager: Mounting plugin GeometryMode
LogPluginManager: Mounting plugin MaterialAnalyzer
LogPluginManager: Mounting plugin MacGraphicsSwitching
LogPluginManager: Mounting plugin MobileLauncherProfileWizard
LogPluginManager: Mounting plugin PluginBrowser
LogPluginManager: Mounting plugin SpeedTreeImporter
LogPluginManager: Mounting plugin DatasmithContent
LogPluginManager: Mounting plugin AlembicImporter
LogPluginManager: Mounting plugin VariantManagerContent
LogPluginManager: Mounting plugin AutomationUtils
LogPluginManager: Mounting plugin BackChannel
LogPluginManager: Mounting plugin ChaosCloth
LogPluginManager: Mounting plugin ChaosClothEditor
LogPluginManager: Mounting plugin ChaosEditor
LogPluginManager: Mounting plugin ChaosSolverPlugin
LogPluginManager: Mounting plugin ChaosNiagara
LogPluginManager: Mounting plugin CharacterAI
LogPluginManager: Mounting plugin GeometryCache
LogPluginManager: Mounting plugin GeometryCollectionPlugin
LogPluginManager: Mounting plugin Niagara
LogPluginManager: Mounting plugin GeometryProcessing
LogPluginManager: Mounting plugin MotoSynth
LogPluginManager: Mounting plugin OpenImageDenoise
LogPluginManager: Mounting plugin PlatformCrypto
LogPluginManager: Mounting plugin PlanarCut
LogPluginManager: Mounting plugin ProxyLODPlugin
LogPluginManager: Mounting plugin PythonScriptPlugin
LogPluginManager: Mounting plugin SkeletalReduction
LogPluginManager: Mounting plugin LuminPlatformFeatures
LogPluginManager: Mounting plugin MagicLeap
LogPluginManager: Mounting plugin MagicLeapLightEstimation
LogPluginManager: Mounting plugin MagicLeapMedia
LogPluginManager: Mounting plugin MagicLeapPassableWorld
LogPluginManager: Mounting plugin MLSDK
LogPluginManager: Mounting plugin AndroidMedia
LogPluginManager: Mounting plugin AvfMedia
LogPluginManager: Mounting plugin ImgMedia
LogPluginManager: Mounting plugin MediaCompositing
LogPluginManager: Mounting plugin MediaPlayerEditor
LogPluginManager: Mounting plugin WebMMedia
LogPluginManager: Mounting plugin WmfMedia
LogPluginManager: Mounting plugin TcpMessaging
LogPluginManager: Mounting plugin UdpMessaging
LogPluginManager: Mounting plugin ActorSequence
LogPluginManager: Mounting plugin LevelSequenceEditor
LogPluginManager: Mounting plugin MatineeToLevelSequence
LogPluginManager: Mounting plugin TemplateSequence
LogPluginManager: Mounting plugin OnlineSubsystem
LogPluginManager: Mounting plugin OnlineSubsystemNull
LogPluginManager: Mounting plugin OnlineSubsystemUtils
LogPluginManager: Mounting plugin ActorLayerUtilities
LogPluginManager: Mounting plugin AndroidMoviePlayer
LogPluginManager: Mounting plugin AndroidDeviceProfileSelector
LogPluginManager: Mounting plugin AndroidPermission
LogPluginManager: Mounting plugin AppleImageUtils
LogPluginManager: Mounting plugin AppleMoviePlayer
LogPluginManager: Mounting plugin ArchVisCharacter
LogPluginManager: Mounting plugin AssetTags
LogPluginManager: Mounting plugin AudioCapture
LogPluginManager: Mounting plugin AudioSynesthesia
LogPluginManager: Mounting plugin CableComponent
LogPluginManager: Mounting plugin ChunkDownloader
LogPluginManager: Mounting plugin CustomMeshComponent
LogPluginManager: Mounting plugin EditableMesh
LogPluginManager: Mounting plugin ExampleDeviceProfileSelector
LogPluginManager: Mounting plugin LauncherChunkInstaller
LogPluginManager: Mounting plugin GoogleCloudMessaging
LogPluginManager: Mounting plugin GooglePAD
LogPluginManager: Mounting plugin IOSDeviceProfileSelector
LogPluginManager: Mounting plugin LinuxDeviceProfileSelector
LogPluginManager: Mounting plugin LocationServicesBPLibrary
LogPluginManager: Mounting plugin MobilePatchingUtils
LogPluginManager: Mounting plugin OpenXR
LogPluginManager: Mounting plugin OpenXREyeTracker
LogPluginManager: Mounting plugin OpenXRHandTracking
LogPluginManager: Mounting plugin PhysXVehicles
LogPluginManager: Mounting plugin PostSplashScreen
LogPluginManager: Mounting plugin ProceduralMeshComponent
LogPluginManager: Mounting plugin PropertyAccessEditor
LogPluginManager: Mounting plugin RuntimePhysXCooking
LogPluginManager: Mounting plugin SignificanceManager
LogPluginManager: Mounting plugin SoundFields
LogPluginManager: Mounting plugin Synthesis
LogPluginManager: Mounting plugin WebMMoviePlayer
LogPluginManager: Mounting plugin WindowsMoviePlayer
LogPluginManager: Mounting plugin ScreenshotTools
LogPluginManager: Mounting plugin Takes
LogPluginManager: Mounting plugin ContentBrowserFileDataSource
LogPluginManager: Mounting plugin ContentBrowserAssetDataSource
LogPluginManager: Mounting plugin ContentBrowserClassDataSource
LogPluginManager: Mounting plugin OnlineSubsystemGooglePlay
LogPluginManager: Mounting plugin OnlineSubsystemIOS
LogPluginManager: Mounting plugin OculusVR
LogPluginManager: Mounting plugin SteamVR
PixWinPlugin: PIX capture plugin failed to initialize! Check that the process is launched from PIX.
LogInit: Using libcurl 7.55.1-DEV
LogInit:  - built for x86_64-pc-win32
LogInit:  - supports SSL with OpenSSL/1.1.1
LogInit:  - supports HTTP deflate (compression) using libz 1.2.8
LogInit:  - other features:
LogInit:      CURL_VERSION_SSL
LogInit:      CURL_VERSION_LIBZ
LogInit:      CURL_VERSION_IPV6
LogInit:      CURL_VERSION_ASYNCHDNS
LogInit:      CURL_VERSION_LARGEFILE
LogInit:      CURL_VERSION_IDN
LogInit:  CurlRequestOptions (configurable via config and command line):
LogInit:  - bVerifyPeer = true  - Libcurl will verify peer certificate
LogInit:  - bUseHttpProxy = false  - Libcurl will NOT use HTTP proxy
LogInit:  - bDontReuseConnections = false  - Libcurl will reuse connections
LogInit:  - MaxHostConnections = 16  - Libcurl will limit the number of connections to a host
LogInit:  - LocalHostAddr = Default
LogInit:  - BufferSize = 65536
LogOnline: OSS: Creating online subsystem instance for: NULL
LogInit: WinSock: version 1.1 (2.2), MaxSocks=32767, MaxUdp=65467
LogOnline: OSS: TryLoadSubsystemAndSetDefault: Loaded subsystem for module [NULL]
LogOculusPluginWrapper: OculusPlugin initialized successfully
LogHMD: Failed initializing OVRPlugin 1.59.0
LogInit: Build: ++UE4+Release-4.27-CL-18319896
LogInit: Engine Version: 4.27.2-18319896+++UE4+Release-4.27
LogInit: Compatible Engine Version: 4.27.0-17155196+++UE4+Release-4.27
LogInit: Net CL: 17155196
LogInit: OS: Windows 10 (Release 2009) (), CPU: Intel(R) Xeon(R) W-2123 CPU @ 3.60GHz, GPU: Microsoft Remote Display Adapter
LogInit: Compiled (64-bit): Nov 30 2021 07:12:08
LogInit: Compiled with Visual C++: 19.24.28315.00
LogInit: Build Configuration: Development
LogInit: Branch Name: ++UE4+Release-4.27
LogInit: Command Line: 
LogInit: Base Directory: C:/Program Files/Epic Games/UE_4.27/Engine/Binaries/Win64/
LogInit: Allocator: TBB
LogInit: Installed Engine Build: 1
LogDevObjectVersion: Number of dev versions registered: 29
LogDevObjectVersion:   Dev-Blueprints (B0D832E4-1F89-4F0D-ACCF-7EB736FD4AA2): 10
LogDevObjectVersion:   Dev-Build (E1C64328-A22C-4D53-A36C-8E866417BD8C): 0
LogDevObjectVersion:   Dev-Core (375EC13C-06E4-48FB-B500-84F0262A717E): 4
LogDevObjectVersion:   Dev-Editor (E4B068ED-F494-42E9-A231-DA0B2E46BB41): 40
LogDevObjectVersion:   Dev-Framework (CFFC743F-43B0-4480-9391-14DF171D2073): 37
LogDevObjectVersion:   Dev-Mobile (B02B49B5-BB20-44E9-A304-32B752E40360): 3
LogDevObjectVersion:   Dev-Networking (A4E4105C-59A1-49B5-A7C5-40C4547EDFEE): 0
LogDevObjectVersion:   Dev-Online (39C831C9-5AE6-47DC-9A44-9C173E1C8E7C): 0
LogDevObjectVersion:   Dev-Physics (78F01B33-EBEA-4F98-B9B4-84EACCB95AA2): 14
LogDevObjectVersion:   Dev-Platform (6631380F-2D4D-43E0-8009-CF276956A95A): 0
LogDevObjectVersion:   Dev-Rendering (12F88B9F-8875-4AFC-A67C-D90C383ABD29): 45
LogDevObjectVersion:   Dev-Sequencer (7B5AE74C-D270-4C10-A958-57980B212A5A): 13
LogDevObjectVersion:   Dev-VR (D7296918-1DD6-4BDD-9DE2-64A83CC13884): 3
LogDevObjectVersion:   Dev-LoadTimes (C2A15278-BFE7-4AFE-6C17-90FF531DF755): 1
LogDevObjectVersion:   Private-Geometry (6EACA3D4-40EC-4CC1-B786-8BED09428FC5): 3
LogDevObjectVersion:   Dev-AnimPhys (29E575DD-E0A3-4627-9D10-D276232CDCEA): 17
LogDevObjectVersion:   Dev-Anim (AF43A65D-7FD3-4947-9873-3E8ED9C1BB05): 15
LogDevObjectVersion:   Dev-ReflectionCapture (6B266CEC-1EC7-4B8F-A30B-E4D90942FC07): 1
LogDevObjectVersion:   Dev-Automation (0DF73D61-A23F-47EA-B727-89E90C41499A): 1
LogDevObjectVersion:   FortniteMain (601D1886-AC64-4F84-AA16-D3DE0DEAC7D6): 47
LogDevObjectVersion:   FortniteRelease (E7086368-6B23-4C58-8439-1B7016265E91): 1
LogDevObjectVersion:   Dev-Enterprise (9DFFBCD6-494F-0158-E221-12823C92A888): 10
LogDevObjectVersion:   Dev-Niagara (F2AED0AC-9AFE-416F-8664-AA7FFA26D6FC): 1
LogDevObjectVersion:   Dev-Destruction (174F1F0B-B4C6-45A5-B13F-2EE8D0FB917D): 10
LogDevObjectVersion:   Dev-Physics-Ext (35F94A83-E258-406C-A318-09F59610247C): 41
LogDevObjectVersion:   Dev-PhysicsMaterial-Chaos (B68FC16E-8B1B-42E2-B453-215C058844FE): 1
LogDevObjectVersion:   Dev-CineCamera (B2E18506-4273-CFC2-A54E-F4BB758BBA07): 1
LogDevObjectVersion:   Dev-VirtualProduction (64F58936-FD1B-42BA-BA96-7289D5D0FA4E): 1
LogDevObjectVersion:   Dev-MediaFramework (6F0ED827-A609-4895-9C91-998D90180EA4): 2
LogInit: Presizing for max 25165824 objects, including 0 objects not considered by GC, pre-allocating 0 bytes for permanent pool.
LogConfig: Applying CVar settings from Section [/Script/Engine.StreamingSettings] File [C:/Users/peiwen4/Downloads/CS498_Game-Development-main/MP1-InfiniteMatrix/Saved/Config/Windows/Engine.ini]
LogConfig: Setting CVar [[s.MinBulkDataSizeForAsyncLoading:131072]]
LogConfig: Setting CVar [[s.AsyncLoadingThreadEnabled:0]]
LogConfig: Setting CVar [[s.EventDrivenLoaderEnabled:1]]
LogConfig: Setting CVar [[s.WarnIfTimeLimitExceeded:0]]
LogConfig: Setting CVar [[s.TimeLimitExceededMultiplier:1.5]]
LogConfig: Setting CVar [[s.TimeLimitExceededMinTime:0.005]]
LogConfig: Setting CVar [[s.UseBackgroundLevelStreaming:1]]
LogConfig: Setting CVar [[s.PriorityAsyncLoadingExtraTime:15.0]]
LogConfig: Setting CVar [[s.LevelStreamingActorsUpdateTimeLimit:5.0]]
LogConfig: Setting CVar [[s.PriorityLevelStreamingActorsUpdateExtraTime:5.0]]
LogConfig: Setting CVar [[s.LevelStreamingComponentsRegistrationGranularity:10]]
LogConfig: Setting CVar [[s.UnregisterComponentsTimeLimit:1.0]]
LogConfig: Setting CVar [[s.LevelStreamingComponentsUnregistrationGranularity:5]]
LogConfig: Setting CVar [[s.FlushStreamingOnExit:1]]
LogInit: Object subsystem initialized
LogConfig: Setting CVar [[con.DebugEarlyDefault:1]]
LogConfig: Setting CVar [[r.setres:1280x720]]
[2022.03.15-23.23.19:837][  0]LogConfig: Setting CVar [[r.VSync:0]]
[2022.03.15-23.23.19:837][  0]LogConfig: Setting CVar [[r.RHICmdBypass:0]]
[2022.03.15-23.23.19:837][  0]LogConfig: Applying CVar settings from Section [/Script/Engine.RendererSettings] File [C:/Users/peiwen4/Downloads/CS498_Game-Development-main/MP1-InfiniteMatrix/Saved/Config/Windows/Engine.ini]
[2022.03.15-23.23.19:837][  0]LogConfig: Setting CVar [[r.GPUCrashDebugging:0]]
[2022.03.15-23.23.19:837][  0]LogConfig: Applying CVar settings from Section [/Script/Engine.RendererOverrideSettings] File [C:/Users/peiwen4/Downloads/CS498_Game-Development-main/MP1-InfiniteMatrix/Saved/Config/Windows/Engine.ini]
[2022.03.15-23.23.19:837][  0]LogConfig: Applying CVar settings from Section [/Script/Engine.StreamingSettings] File [C:/Users/peiwen4/Downloads/CS498_Game-Development-main/MP1-InfiniteMatrix/Saved/Config/Windows/Engine.ini]
[2022.03.15-23.23.19:837][  0]LogConfig: Setting CVar [[s.MinBulkDataSizeForAsyncLoading:131072]]
[2022.03.15-23.23.19:837][  0]LogConfig: Setting CVar [[s.AsyncLoadingThreadEnabled:0]]
[2022.03.15-23.23.19:837][  0]LogConfig: Setting CVar [[s.EventDrivenLoaderEnabled:1]]
[2022.03.15-23.23.19:837][  0]LogConfig: Setting CVar [[s.WarnIfTimeLimitExceeded:0]]
[2022.03.15-23.23.19:837][  0]LogConfig: Setting CVar [[s.TimeLimitExceededMultiplier:1.5]]
[2022.03.15-23.23.19:837][  0]LogConfig: Setting CVar [[s.TimeLimitExceededMinTime:0.005]]
[2022.03.15-23.23.19:837][  0]LogConfig: Setting CVar [[s.UseBackgroundLevelStreaming:1]]
[2022.03.15-23.23.19:837][  0]LogConfig: Setting CVar [[s.PriorityAsyncLoadingExtraTime:15.0]]
[2022.03.15-23.23.19:837][  0]LogConfig: Setting CVar [[s.LevelStreamingActorsUpdateTimeLimit:5.0]]
[2022.03.15-23.23.19:838][  0]LogConfig: Setting CVar [[s.PriorityLevelStreamingActorsUpdateExtraTime:5.0]]
[2022.03.15-23.23.19:838][  0]LogConfig: Setting CVar [[s.LevelStreamingComponentsRegistrationGranularity:10]]
[2022.03.15-23.23.19:838][  0]LogConfig: Setting CVar [[s.UnregisterComponentsTimeLimit:1.0]]
[2022.03.15-23.23.19:838][  0]LogConfig: Setting CVar [[s.LevelStreamingComponentsUnregistrationGranularity:5]]
[2022.03.15-23.23.19:838][  0]LogConfig: Setting CVar [[s.FlushStreamingOnExit:1]]
[2022.03.15-23.23.19:838][  0]LogConfig: Applying CVar settings from Section [/Script/Engine.GarbageCollectionSettings] File [C:/Users/peiwen4/Downloads/CS498_Game-Development-main/MP1-InfiniteMatrix/Saved/Config/Windows/Engine.ini]
[2022.03.15-23.23.19:838][  0]LogConfig: Setting CVar [[gc.MaxObjectsNotConsideredByGC:1]]
[2022.03.15-23.23.19:838][  0]LogConfig: Setting CVar [[gc.SizeOfPermanentObjectPool:0]]
[2022.03.15-23.23.19:838][  0]LogConfig: Setting CVar [[gc.FlushStreamingOnGC:0]]
[2022.03.15-23.23.19:838][  0]LogConfig: Setting CVar [[gc.NumRetriesBeforeForcingGC:10]]
[2022.03.15-23.23.19:838][  0]LogConfig: Setting CVar [[gc.AllowParallelGC:1]]
[2022.03.15-23.23.19:838][  0]LogConfig: Setting CVar [[gc.TimeBetweenPurgingPendingKillObjects:61.1]]
[2022.03.15-23.23.19:838][  0]LogConfig: Setting CVar [[gc.MaxObjectsInEditor:25165824]]
[2022.03.15-23.23.19:838][  0]LogConfig: Setting CVar [[gc.IncrementalBeginDestroyEnabled:1]]
[2022.03.15-23.23.19:838][  0]LogConfig: Setting CVar [[gc.CreateGCClusters:1]]
[2022.03.15-23.23.19:838][  0]LogConfig: Setting CVar [[gc.MinGCClusterSize:5]]
[2022.03.15-23.23.19:838][  0]LogConfig: Setting CVar [[gc.ActorClusteringEnabled:0]]
[2022.03.15-23.23.19:838][  0]LogConfig: Setting CVar [[gc.BlueprintClusteringEnabled:0]]
[2022.03.15-23.23.19:838][  0]LogConfig: Setting CVar [[gc.UseDisregardForGCOnDedicatedServers:0]]
[2022.03.15-23.23.19:838][  0]LogConfig: Setting CVar [[gc.MultithreadedDestructionEnabled:1]]
[2022.03.15-23.23.19:838][  0]LogConfig: Applying CVar settings from Section [/Script/Engine.NetworkSettings] File [C:/Users/peiwen4/Downloads/CS498_Game-Development-main/MP1-InfiniteMatrix/Saved/Config/Windows/Engine.ini]
[2022.03.15-23.23.19:838][  0]LogConfig: Applying CVar settings from Section [/Script/UnrealEd.CookerSettings] File [C:/Users/peiwen4/Downloads/CS498_Game-Development-main/MP1-InfiniteMatrix/Saved/Config/Windows/Engine.ini]
[2022.03.15-23.23.19:841][  0]LogConfig: Applying CVar settings from Section [ViewDistanceQuality@3] File [C:/Users/peiwen4/Downloads/CS498_Game-Development-main/MP1-InfiniteMatrix/Saved/Config/Windows/Scalability.ini]
[2022.03.15-23.23.19:841][  0]LogConfig: Setting CVar [[r.SkeletalMeshLODBias:0]]
[2022.03.15-23.23.19:841][  0]LogConfig: Setting CVar [[r.ViewDistanceScale:1.0]]
[2022.03.15-23.23.19:841][  0]LogConfig: Applying CVar settings from Section [AntiAliasingQuality@3] File [C:/Users/peiwen4/Downloads/CS498_Game-Development-main/MP1-InfiniteMatrix/Saved/Config/Windows/Scalability.ini]
[2022.03.15-23.23.19:841][  0]LogConfig: Setting CVar [[r.PostProcessAAQuality:4]]
[2022.03.15-23.23.19:841][  0]LogConfig: Applying CVar settings from Section [ShadowQuality@3] File [C:/Users/peiwen4/Downloads/CS498_Game-Development-main/MP1-InfiniteMatrix/Saved/Config/Windows/Scalability.ini]
[2022.03.15-23.23.19:841][  0]LogConfig: Setting CVar [[r.LightFunctionQuality:1]]
[2022.03.15-23.23.19:841][  0]LogConfig: Setting CVar [[r.ShadowQuality:5]]
[2022.03.15-23.23.19:841][  0]LogConfig: Setting CVar [[r.Shadow.CSM.MaxCascades:10]]
[2022.03.15-23.23.19:841][  0]LogConfig: Setting CVar [[r.Shadow.MaxResolution:2048]]
[2022.03.15-23.23.19:841][  0]LogConfig: Setting CVar [[r.Shadow.MaxCSMResolution:2048]]
[2022.03.15-23.23.19:841][  0]LogConfig: Setting CVar [[r.Shadow.RadiusThreshold:0.01]]
[2022.03.15-23.23.19:841][  0]LogConfig: Setting CVar [[r.Shadow.DistanceScale:1.0]]
[2022.03.15-23.23.19:841][  0]LogConfig: Setting CVar [[r.Shadow.CSM.TransitionScale:1.0]]
[2022.03.15-23.23.19:841][  0]LogConfig: Setting CVar [[r.Shadow.PreShadowResolutionFactor:1.0]]
[2022.03.15-23.23.19:841][  0]LogConfig: Setting CVar [[r.DistanceFieldShadowing:1]]
[2022.03.15-23.23.19:841][  0]LogConfig: Setting CVar [[r.DistanceFieldAO:1]]
[2022.03.15-23.23.19:841][  0]LogConfig: Setting CVar [[r.AOQuality:2]]
[2022.03.15-23.23.19:841][  0]LogConfig: Setting CVar [[r.VolumetricFog:1]]
[2022.03.15-23.23.19:841][  0]LogConfig: Setting CVar [[r.VolumetricFog.GridPixelSize:8]]
[2022.03.15-23.23.19:841][  0]LogConfig: Setting CVar [[r.VolumetricFog.GridSizeZ:128]]
[2022.03.15-23.23.19:841][  0]LogConfig: Setting CVar [[r.VolumetricFog.HistoryMissSupersampleCount:4]]
[2022.03.15-23.23.19:841][  0]LogConfig: Setting CVar [[r.LightMaxDrawDistanceScale:1]]
[2022.03.15-23.23.19:841][  0]LogConfig: Setting CVar [[r.CapsuleShadows:1]]
[2022.03.15-23.23.19:841][  0]LogConfig: Applying CVar settings from Section [PostProcessQuality@3] File [C:/Users/peiwen4/Downloads/CS498_Game-Development-main/MP1-InfiniteMatrix/Saved/Config/Windows/Scalability.ini]
[2022.03.15-23.23.19:841][  0]LogConfig: Setting CVar [[r.MotionBlurQuality:4]]
[2022.03.15-23.23.19:841][  0]LogConfig: Setting CVar [[r.AmbientOcclusionMipLevelFactor:0.4]]
[2022.03.15-23.23.19:841][  0]LogConfig: Setting CVar [[r.AmbientOcclusionMaxQuality:100]]
[2022.03.15-23.23.19:841][  0]LogConfig: Setting CVar [[r.AmbientOcclusionLevels:-1]]
[2022.03.15-23.23.19:841][  0]LogConfig: Setting CVar [[r.AmbientOcclusionRadiusScale:1.0]]
[2022.03.15-23.23.19:841][  0]LogConfig: Setting CVar [[r.DepthOfFieldQuality:2]]
[2022.03.15-23.23.19:841][  0]LogConfig: Setting CVar [[r.RenderTargetPoolMin:400]]
[2022.03.15-23.23.19:841][  0]LogConfig: Setting CVar [[r.LensFlareQuality:2]]
[2022.03.15-23.23.19:841][  0]LogConfig: Setting CVar [[r.SceneColorFringeQuality:1]]
[2022.03.15-23.23.19:841][  0]LogConfig: Setting CVar [[r.EyeAdaptationQuality:2]]
[2022.03.15-23.23.19:841][  0]LogConfig: Setting CVar [[r.BloomQuality:5]]
[2022.03.15-23.23.19:841][  0]LogConfig: Setting CVar [[r.FastBlurThreshold:100]]
[2022.03.15-23.23.19:841][  0]LogConfig: Setting CVar [[r.Upscale.Quality:3]]
[2022.03.15-23.23.19:842][  0]LogConfig: Setting CVar [[r.Tonemapper.GrainQuantization:1]]
[2022.03.15-23.23.19:842][  0]LogConfig: Setting CVar [[r.LightShaftQuality:1]]
[2022.03.15-23.23.19:842][  0]LogConfig: Setting CVar [[r.Filter.SizeScale:1]]
[2022.03.15-23.23.19:842][  0]LogConfig: Setting CVar [[r.Tonemapper.Quality:5]]
[2022.03.15-23.23.19:842][  0]LogConfig: Setting CVar [[r.DOF.Gather.AccumulatorQuality:1        ; higher gathering accumulator quality]]
[2022.03.15-23.23.19:842][  0]LogConfig: Setting CVar [[r.DOF.Gather.PostfilterMethod:1          ; Median3x3 postfilering method]]
[2022.03.15-23.23.19:842][  0]LogConfig: Setting CVar [[r.DOF.Gather.EnableBokehSettings:0       ; no bokeh simulation when gathering]]
[2022.03.15-23.23.19:842][  0]LogConfig: Setting CVar [[r.DOF.Gather.RingCount:4                 ; medium number of samples when gathering]]
[2022.03.15-23.23.19:842][  0]LogConfig: Setting CVar [[r.DOF.Scatter.ForegroundCompositing:1    ; additive foreground scattering]]
[2022.03.15-23.23.19:842][  0]LogConfig: Setting CVar [[r.DOF.Scatter.BackgroundCompositing:2    ; additive background scattering]]
[2022.03.15-23.23.19:842][  0]LogConfig: Setting CVar [[r.DOF.Scatter.EnableBokehSettings:1      ; bokeh simulation when scattering]]
[2022.03.15-23.23.19:842][  0]LogConfig: Setting CVar [[r.DOF.Scatter.MaxSpriteRatio:0.1         ; only a maximum of 10% of scattered bokeh]]
[2022.03.15-23.23.19:842][  0]LogConfig: Setting CVar [[r.DOF.Recombine.Quality:1                ; cheap slight out of focus]]
[2022.03.15-23.23.19:842][  0]LogConfig: Setting CVar [[r.DOF.Recombine.EnableBokehSettings:0    ; no bokeh simulation on slight out of focus]]
[2022.03.15-23.23.19:842][  0]LogConfig: Setting CVar [[r.DOF.TemporalAAQuality:1                ; more stable temporal accumulation]]
[2022.03.15-23.23.19:842][  0]LogConfig: Setting CVar [[r.DOF.Kernel.MaxForegroundRadius:0.025]]
[2022.03.15-23.23.19:842][  0]LogConfig: Setting CVar [[r.DOF.Kernel.MaxBackgroundRadius:0.025]]
[2022.03.15-23.23.19:842][  0]LogConfig: Applying CVar settings from Section [TextureQuality@3] File [C:/Users/peiwen4/Downloads/CS498_Game-Development-main/MP1-InfiniteMatrix/Saved/Config/Windows/Scalability.ini]
[2022.03.15-23.23.19:842][  0]LogConfig: Setting CVar [[r.Streaming.MipBias:0]]
[2022.03.15-23.23.19:842][  0]LogConfig: Setting CVar [[r.Streaming.AmortizeCPUToGPUCopy:0]]
[2022.03.15-23.23.19:842][  0]LogConfig: Setting CVar [[r.Streaming.MaxNumTexturesToStreamPerFrame:0]]
[2022.03.15-23.23.19:842][  0]LogConfig: Setting CVar [[r.Streaming.Boost:1]]
[2022.03.15-23.23.19:842][  0]LogConfig: Setting CVar [[r.MaxAnisotropy:8]]
[2022.03.15-23.23.19:842][  0]LogConfig: Setting CVar [[r.VT.MaxAnisotropy:8]]
[2022.03.15-23.23.19:842][  0]LogConfig: Setting CVar [[r.Streaming.LimitPoolSizeToVRAM:0]]
[2022.03.15-23.23.19:842][  0]LogConfig: Setting CVar [[r.Streaming.PoolSize:1000]]
[2022.03.15-23.23.19:842][  0]LogConfig: Setting CVar [[r.Streaming.MaxEffectiveScreenSize:0]]
[2022.03.15-23.23.19:842][  0]LogConfig: Applying CVar settings from Section [EffectsQuality@3] File [C:/Users/peiwen4/Downloads/CS498_Game-Development-main/MP1-InfiniteMatrix/Saved/Config/Windows/Scalability.ini]
[2022.03.15-23.23.19:842][  0]LogConfig: Setting CVar [[r.TranslucencyLightingVolumeDim:64]]
[2022.03.15-23.23.19:842][  0]LogConfig: Setting CVar [[r.RefractionQuality:2]]
[2022.03.15-23.23.19:842][  0]LogConfig: Setting CVar [[r.SSR.Quality:3]]
[2022.03.15-23.23.19:842][  0]LogConfig: Setting CVar [[r.SSR.HalfResSceneColor:0]]
[2022.03.15-23.23.19:842][  0]LogConfig: Setting CVar [[r.SceneColorFormat:4]]
[2022.03.15-23.23.19:842][  0]LogConfig: Setting CVar [[r.DetailMode:2]]
[2022.03.15-23.23.19:842][  0]LogConfig: Setting CVar [[r.TranslucencyVolumeBlur:1]]
[2022.03.15-23.23.19:842][  0]LogConfig: Setting CVar [[r.MaterialQualityLevel:1 ; High quality]]
[2022.03.15-23.23.19:842][  0]LogConfig: Setting CVar [[r.AnisotropicMaterials:1]]
[2022.03.15-23.23.19:842][  0]LogConfig: Setting CVar [[r.SSS.Scale:1]]
[2022.03.15-23.23.19:842][  0]LogConfig: Setting CVar [[r.SSS.SampleSet:2]]
[2022.03.15-23.23.19:842][  0]LogConfig: Setting CVar [[r.SSS.Quality:1]]
[2022.03.15-23.23.19:842][  0]LogConfig: Setting CVar [[r.SSS.HalfRes:0]]
[2022.03.15-23.23.19:842][  0]LogConfig: Setting CVar [[r.SSGI.Quality:3]]
[2022.03.15-23.23.19:842][  0]LogConfig: Setting CVar [[r.EmitterSpawnRateScale:1.0]]
[2022.03.15-23.23.19:842][  0]LogConfig: Setting CVar [[r.ParticleLightQuality:2]]
[2022.03.15-23.23.19:842][  0]LogConfig: Setting CVar [[r.SkyAtmosphere.AerialPerspectiveLUT.FastApplyOnOpaque:1 ; Always have FastSkyLUT 1 in this case to avoid wrong sky]]
[2022.03.15-23.23.19:842][  0]LogConfig: Setting CVar [[r.SkyAtmosphere.AerialPerspectiveLUT.SampleCountMaxPerSlice:4]]
[2022.03.15-23.23.19:842][  0]LogConfig: Setting CVar [[r.SkyAtmosphere.AerialPerspectiveLUT.DepthResolution:16.0]]
[2022.03.15-23.23.19:842][  0]LogConfig: Setting CVar [[r.SkyAtmosphere.FastSkyLUT:1]]
[2022.03.15-23.23.19:842][  0]LogConfig: Setting CVar [[r.SkyAtmosphere.FastSkyLUT.SampleCountMin:4.0]]
[2022.03.15-23.23.19:842][  0]LogConfig: Setting CVar [[r.SkyAtmosphere.FastSkyLUT.SampleCountMax:128.0]]
[2022.03.15-23.23.19:842][  0]LogConfig: Setting CVar [[r.SkyAtmosphere.SampleCountMin:4.0]]
[2022.03.15-23.23.19:842][  0]LogConfig: Setting CVar [[r.SkyAtmosphere.SampleCountMax:128.0]]
[2022.03.15-23.23.19:842][  0]LogConfig: Setting CVar [[r.SkyAtmosphere.TransmittanceLUT.UseSmallFormat:0]]
[2022.03.15-23.23.19:842][  0]LogConfig: Setting CVar [[r.SkyAtmosphere.TransmittanceLUT.SampleCount:10.0]]
[2022.03.15-23.23.19:842][  0]LogConfig: Setting CVar [[r.SkyAtmosphere.MultiScatteringLUT.SampleCount:15.0]]
[2022.03.15-23.23.19:842][  0]LogConfig: Setting CVar [[r.SkyLight.RealTimeReflectionCapture:1]]
[2022.03.15-23.23.19:842][  0]LogConfig: Applying CVar settings from Section [FoliageQuality@3] File [C:/Users/peiwen4/Downloads/CS498_Game-Development-main/MP1-InfiniteMatrix/Saved/Config/Windows/Scalability.ini]
[2022.03.15-23.23.19:842][  0]LogConfig: Setting CVar [[foliage.DensityScale:1.0]]
[2022.03.15-23.23.19:842][  0]LogConfig: Setting CVar [[grass.DensityScale:1.0]]
[2022.03.15-23.23.19:842][  0]LogConfig: Applying CVar settings from Section [ShadingQuality@3] File [C:/Users/peiwen4/Downloads/CS498_Game-Development-main/MP1-InfiniteMatrix/Saved/Config/Windows/Scalability.ini]
[2022.03.15-23.23.19:842][  0]LogConfig: Setting CVar [[r.HairStrands.SkyLighting.IntegrationType:2]]
[2022.03.15-23.23.19:842][  0]LogConfig: Setting CVar [[r.HairStrands.SkyAO.SampleCount:4]]
[2022.03.15-23.23.19:842][  0]LogConfig: Setting CVar [[r.HairStrands.Visibility.MSAA.SamplePerPixel:4]]
[2022.03.15-23.23.19:842][  0]LogInit: Selected Device Profile: [Windows]
[2022.03.15-23.23.19:842][  0]LogInit: Applying CVar settings loaded from the selected device profile: [Windows]
[2022.03.15-23.23.19:842][  0]LogHAL: Display: Platform has ~ 16 GB [16885571584 / 17179869184 / 16], which maps to Larger [LargestMinGB=32, LargerMinGB=12, DefaultMinGB=8, SmallerMinGB=6, SmallestMinGB=0)
[2022.03.15-23.23.19:842][  0]LogInit: Going up to parent DeviceProfile []
[2022.03.15-23.23.19:843][  0]LogConfig: Applying CVar settings from Section [ViewDistanceQuality@3] File [C:/Users/peiwen4/Downloads/CS498_Game-Development-main/MP1-InfiniteMatrix/Saved/Config/Windows/Scalability.ini]
[2022.03.15-23.23.19:843][  0]LogConfig: Setting CVar [[r.SkeletalMeshLODBias:0]]
[2022.03.15-23.23.19:843][  0]LogConfig: Setting CVar [[r.ViewDistanceScale:1.0]]
[2022.03.15-23.23.19:843][  0]LogConfig: Applying CVar settings from Section [AntiAliasingQuality@3] File [C:/Users/peiwen4/Downloads/CS498_Game-Development-main/MP1-InfiniteMatrix/Saved/Config/Windows/Scalability.ini]
[2022.03.15-23.23.19:843][  0]LogConfig: Setting CVar [[r.PostProcessAAQuality:4]]
[2022.03.15-23.23.19:843][  0]LogConfig: Applying CVar settings from Section [ShadowQuality@3] File [C:/Users/peiwen4/Downloads/CS498_Game-Development-main/MP1-InfiniteMatrix/Saved/Config/Windows/Scalability.ini]
[2022.03.15-23.23.19:843][  0]LogConfig: Setting CVar [[r.LightFunctionQuality:1]]
[2022.03.15-23.23.19:843][  0]LogConfig: Setting CVar [[r.ShadowQuality:5]]
[2022.03.15-23.23.19:843][  0]LogConfig: Setting CVar [[r.Shadow.CSM.MaxCascades:10]]
[2022.03.15-23.23.19:843][  0]LogConfig: Setting CVar [[r.Shadow.MaxResolution:2048]]
[2022.03.15-23.23.19:843][  0]LogConfig: Setting CVar [[r.Shadow.MaxCSMResolution:2048]]
[2022.03.15-23.23.19:843][  0]LogConfig: Setting CVar [[r.Shadow.RadiusThreshold:0.01]]
[2022.03.15-23.23.19:843][  0]LogConfig: Setting CVar [[r.Shadow.DistanceScale:1.0]]
[2022.03.15-23.23.19:843][  0]LogConfig: Setting CVar [[r.Shadow.CSM.TransitionScale:1.0]]
[2022.03.15-23.23.19:843][  0]LogConfig: Setting CVar [[r.Shadow.PreShadowResolutionFactor:1.0]]
[2022.03.15-23.23.19:843][  0]LogConfig: Setting CVar [[r.DistanceFieldShadowing:1]]
[2022.03.15-23.23.19:843][  0]LogConfig: Setting CVar [[r.DistanceFieldAO:1]]
[2022.03.15-23.23.19:843][  0]LogConfig: Setting CVar [[r.AOQuality:2]]
[2022.03.15-23.23.19:843][  0]LogConfig: Setting CVar [[r.VolumetricFog:1]]
[2022.03.15-23.23.19:843][  0]LogConfig: Setting CVar [[r.VolumetricFog.GridPixelSize:8]]
[2022.03.15-23.23.19:843][  0]LogConfig: Setting CVar [[r.VolumetricFog.GridSizeZ:128]]
[2022.03.15-23.23.19:843][  0]LogConfig: Setting CVar [[r.VolumetricFog.HistoryMissSupersampleCount:4]]
[2022.03.15-23.23.19:843][  0]LogConfig: Setting CVar [[r.LightMaxDrawDistanceScale:1]]
[2022.03.15-23.23.19:843][  0]LogConfig: Setting CVar [[r.CapsuleShadows:1]]
[2022.03.15-23.23.19:843][  0]LogConfig: Applying CVar settings from Section [PostProcessQuality@3] File [C:/Users/peiwen4/Downloads/CS498_Game-Development-main/MP1-InfiniteMatrix/Saved/Config/Windows/Scalability.ini]
[2022.03.15-23.23.19:843][  0]LogConfig: Setting CVar [[r.MotionBlurQuality:4]]
[2022.03.15-23.23.19:843][  0]LogConfig: Setting CVar [[r.AmbientOcclusionMipLevelFactor:0.4]]
[2022.03.15-23.23.19:843][  0]LogConfig: Setting CVar [[r.AmbientOcclusionMaxQuality:100]]
[2022.03.15-23.23.19:843][  0]LogConfig: Setting CVar [[r.AmbientOcclusionLevels:-1]]
[2022.03.15-23.23.19:843][  0]LogConfig: Setting CVar [[r.AmbientOcclusionRadiusScale:1.0]]
[2022.03.15-23.23.19:843][  0]LogConfig: Setting CVar [[r.DepthOfFieldQuality:2]]
[2022.03.15-23.23.19:843][  0]LogConfig: Setting CVar [[r.RenderTargetPoolMin:400]]
[2022.03.15-23.23.19:843][  0]LogConfig: Setting CVar [[r.LensFlareQuality:2]]
[2022.03.15-23.23.19:843][  0]LogConfig: Setting CVar [[r.SceneColorFringeQuality:1]]
[2022.03.15-23.23.19:843][  0]LogConfig: Setting CVar [[r.EyeAdaptationQuality:2]]
[2022.03.15-23.23.19:843][  0]LogConfig: Setting CVar [[r.BloomQuality:5]]
[2022.03.15-23.23.19:843][  0]LogConfig: Setting CVar [[r.FastBlurThreshold:100]]
[2022.03.15-23.23.19:843][  0]LogConfig: Setting CVar [[r.Upscale.Quality:3]]
[2022.03.15-23.23.19:843][  0]LogConfig: Setting CVar [[r.Tonemapper.GrainQuantization:1]]
[2022.03.15-23.23.19:843][  0]LogConfig: Setting CVar [[r.LightShaftQuality:1]]
[2022.03.15-23.23.19:843][  0]LogConfig: Setting CVar [[r.Filter.SizeScale:1]]
[2022.03.15-23.23.19:843][  0]LogConfig: Setting CVar [[r.Tonemapper.Quality:5]]
[2022.03.15-23.23.19:843][  0]LogConfig: Setting CVar [[r.DOF.Gather.AccumulatorQuality:1        ; higher gathering accumulator quality]]
[2022.03.15-23.23.19:843][  0]LogConfig: Setting CVar [[r.DOF.Gather.PostfilterMethod:1          ; Median3x3 postfilering method]]
[2022.03.15-23.23.19:843][  0]LogConfig: Setting CVar [[r.DOF.Gather.EnableBokehSettings:0       ; no bokeh simulation when gathering]]
[2022.03.15-23.23.19:843][  0]LogConfig: Setting CVar [[r.DOF.Gather.RingCount:4                 ; medium number of samples when gathering]]
[2022.03.15-23.23.19:843][  0]LogConfig: Setting CVar [[r.DOF.Scatter.ForegroundCompositing:1    ; additive foreground scattering]]
[2022.03.15-23.23.19:843][  0]LogConfig: Setting CVar [[r.DOF.Scatter.BackgroundCompositing:2    ; additive background scattering]]
[2022.03.15-23.23.19:843][  0]LogConfig: Setting CVar [[r.DOF.Scatter.EnableBokehSettings:1      ; bokeh simulation when scattering]]
[2022.03.15-23.23.19:843][  0]LogConfig: Setting CVar [[r.DOF.Scatter.MaxSpriteRatio:0.1         ; only a maximum of 10% of scattered bokeh]]
[2022.03.15-23.23.19:843][  0]LogConfig: Setting CVar [[r.DOF.Recombine.Quality:1                ; cheap slight out of focus]]
[2022.03.15-23.23.19:843][  0]LogConfig: Setting CVar [[r.DOF.Recombine.EnableBokehSettings:0    ; no bokeh simulation on slight out of focus]]
[2022.03.15-23.23.19:843][  0]LogConfig: Setting CVar [[r.DOF.TemporalAAQuality:1                ; more stable temporal accumulation]]
[2022.03.15-23.23.19:843][  0]LogConfig: Setting CVar [[r.DOF.Kernel.MaxForegroundRadius:0.025]]
[2022.03.15-23.23.19:843][  0]LogConfig: Setting CVar [[r.DOF.Kernel.MaxBackgroundRadius:0.025]]
[2022.03.15-23.23.19:843][  0]LogConfig: Applying CVar settings from Section [TextureQuality@3] File [C:/Users/peiwen4/Downloads/CS498_Game-Development-main/MP1-InfiniteMatrix/Saved/Config/Windows/Scalability.ini]
[2022.03.15-23.23.19:843][  0]LogConfig: Setting CVar [[r.Streaming.MipBias:0]]
[2022.03.15-23.23.19:843][  0]LogConfig: Setting CVar [[r.Streaming.AmortizeCPUToGPUCopy:0]]
[2022.03.15-23.23.19:843][  0]LogConfig: Setting CVar [[r.Streaming.MaxNumTexturesToStreamPerFrame:0]]
[2022.03.15-23.23.19:843][  0]LogConfig: Setting CVar [[r.Streaming.Boost:1]]
[2022.03.15-23.23.19:843][  0]LogConfig: Setting CVar [[r.MaxAnisotropy:8]]
[2022.03.15-23.23.19:843][  0]LogConfig: Setting CVar [[r.VT.MaxAnisotropy:8]]
[2022.03.15-23.23.19:843][  0]LogConfig: Setting CVar [[r.Streaming.LimitPoolSizeToVRAM:0]]
[2022.03.15-23.23.19:843][  0]LogConfig: Setting CVar [[r.Streaming.PoolSize:1000]]
[2022.03.15-23.23.19:843][  0]LogConfig: Setting CVar [[r.Streaming.MaxEffectiveScreenSize:0]]
[2022.03.15-23.23.19:843][  0]LogConfig: Applying CVar settings from Section [EffectsQuality@3] File [C:/Users/peiwen4/Downloads/CS498_Game-Development-main/MP1-InfiniteMatrix/Saved/Config/Windows/Scalability.ini]
[2022.03.15-23.23.19:843][  0]LogConfig: Setting CVar [[r.TranslucencyLightingVolumeDim:64]]
[2022.03.15-23.23.19:843][  0]LogConfig: Setting CVar [[r.RefractionQuality:2]]
[2022.03.15-23.23.19:843][  0]LogConfig: Setting CVar [[r.SSR.Quality:3]]
[2022.03.15-23.23.19:843][  0]LogConfig: Setting CVar [[r.SSR.HalfResSceneColor:0]]
[2022.03.15-23.23.19:843][  0]LogConfig: Setting CVar [[r.SceneColorFormat:4]]
[2022.03.15-23.23.19:843][  0]LogConfig: Setting CVar [[r.DetailMode:2]]
[2022.03.15-23.23.19:843][  0]LogConfig: Setting CVar [[r.TranslucencyVolumeBlur:1]]
[2022.03.15-23.23.19:843][  0]LogConfig: Setting CVar [[r.MaterialQualityLevel:1 ; High quality]]
[2022.03.15-23.23.19:844][  0]LogConfig: Setting CVar [[r.AnisotropicMaterials:1]]
[2022.03.15-23.23.19:844][  0]LogConfig: Setting CVar [[r.SSS.Scale:1]]
[2022.03.15-23.23.19:844][  0]LogConfig: Setting CVar [[r.SSS.SampleSet:2]]
[2022.03.15-23.23.19:844][  0]LogConfig: Setting CVar [[r.SSS.Quality:1]]
[2022.03.15-23.23.19:844][  0]LogConfig: Setting CVar [[r.SSS.HalfRes:0]]
[2022.03.15-23.23.19:844][  0]LogConfig: Setting CVar [[r.SSGI.Quality:3]]
[2022.03.15-23.23.19:844][  0]LogConfig: Setting CVar [[r.EmitterSpawnRateScale:1.0]]
[2022.03.15-23.23.19:844][  0]LogConfig: Setting CVar [[r.ParticleLightQuality:2]]
[2022.03.15-23.23.19:844][  0]LogConfig: Setting CVar [[r.SkyAtmosphere.AerialPerspectiveLUT.FastApplyOnOpaque:1 ; Always have FastSkyLUT 1 in this case to avoid wrong sky]]
[2022.03.15-23.23.19:844][  0]LogConfig: Setting CVar [[r.SkyAtmosphere.AerialPerspectiveLUT.SampleCountMaxPerSlice:4]]
[2022.03.15-23.23.19:844][  0]LogConfig: Setting CVar [[r.SkyAtmosphere.AerialPerspectiveLUT.DepthResolution:16.0]]
[2022.03.15-23.23.19:844][  0]LogConfig: Setting CVar [[r.SkyAtmosphere.FastSkyLUT:1]]
[2022.03.15-23.23.19:844][  0]LogConfig: Setting CVar [[r.SkyAtmosphere.FastSkyLUT.SampleCountMin:4.0]]
[2022.03.15-23.23.19:844][  0]LogConfig: Setting CVar [[r.SkyAtmosphere.FastSkyLUT.SampleCountMax:128.0]]
[2022.03.15-23.23.19:844][  0]LogConfig: Setting CVar [[r.SkyAtmosphere.SampleCountMin:4.0]]
[2022.03.15-23.23.19:844][  0]LogConfig: Setting CVar [[r.SkyAtmosphere.SampleCountMax:128.0]]
[2022.03.15-23.23.19:844][  0]LogConfig: Setting CVar [[r.SkyAtmosphere.TransmittanceLUT.UseSmallFormat:0]]
[2022.03.15-23.23.19:844][  0]LogConfig: Setting CVar [[r.SkyAtmosphere.TransmittanceLUT.SampleCount:10.0]]
[2022.03.15-23.23.19:844][  0]LogConfig: Setting CVar [[r.SkyAtmosphere.MultiScatteringLUT.SampleCount:15.0]]
[2022.03.15-23.23.19:844][  0]LogConfig: Setting CVar [[r.SkyLight.RealTimeReflectionCapture:1]]
[2022.03.15-23.23.19:844][  0]LogConfig: Applying CVar settings from Section [FoliageQuality@3] File [C:/Users/peiwen4/Downloads/CS498_Game-Development-main/MP1-InfiniteMatrix/Saved/Config/Windows/Scalability.ini]
[2022.03.15-23.23.19:844][  0]LogConfig: Setting CVar [[foliage.DensityScale:1.0]]
[2022.03.15-23.23.19:844][  0]LogConfig: Setting CVar [[grass.DensityScale:1.0]]
[2022.03.15-23.23.19:844][  0]LogConfig: Applying CVar settings from Section [ShadingQuality@3] File [C:/Users/peiwen4/Downloads/CS498_Game-Development-main/MP1-InfiniteMatrix/Saved/Config/Windows/Scalability.ini]
[2022.03.15-23.23.19:844][  0]LogConfig: Setting CVar [[r.HairStrands.SkyLighting.IntegrationType:2]]
[2022.03.15-23.23.19:844][  0]LogConfig: Setting CVar [[r.HairStrands.SkyAO.SampleCount:4]]
[2022.03.15-23.23.19:844][  0]LogConfig: Setting CVar [[r.HairStrands.Visibility.MSAA.SamplePerPixel:4]]
[2022.03.15-23.23.19:844][  0]LogConfig: Applying CVar settings from Section [Startup] File [../../../Engine/Config/ConsoleVariables.ini]
[2022.03.15-23.23.19:844][  0]LogConfig: Setting CVar [[net.UseAdaptiveNetUpdateFrequency:0]]
[2022.03.15-23.23.19:844][  0]LogConfig: Setting CVar [[p.chaos.AllowCreatePhysxBodies:1]]
[2022.03.15-23.23.19:844][  0]LogConfig: Setting CVar [[fx.SkipVectorVMBackendOptimizations:1]]
[2022.03.15-23.23.19:844][  0]LogConfig: Applying CVar settings from Section [ConsoleVariables] File [C:/Users/peiwen4/Downloads/CS498_Game-Development-main/MP1-InfiniteMatrix/Saved/Config/Windows/Engine.ini]
[2022.03.15-23.23.19:844][  0]LogConfig: Applying CVar settings from Section [ConsoleVariables] File [C:/Users/peiwen4/Downloads/CS498_Game-Development-main/MP1-InfiniteMatrix/Saved/Config/Windows/Editor.ini]
[2022.03.15-23.23.19:844][  0]LogInit: Computer: SIEBL-4107-15
[2022.03.15-23.23.19:844][  0]LogInit: User: peiwen4
[2022.03.15-23.23.19:844][  0]LogInit: CPU Page size=4096, Cores=4
[2022.03.15-23.23.19:844][  0]LogInit: High frequency timer resolution =10.000000 MHz
[2022.03.15-23.23.19:844][  0]LogMemory: Memory total: Physical=15.7GB (16GB approx)
[2022.03.15-23.23.19:844][  0]LogMemory: Platform Memory Stats for Windows
[2022.03.15-23.23.19:844][  0]LogMemory: Process Physical Memory: 145.78 MB used, 145.78 MB peak
[2022.03.15-23.23.19:844][  0]LogMemory: Process Virtual Memory: 116.03 MB used, 116.03 MB peak
[2022.03.15-23.23.19:844][  0]LogMemory: Physical Memory: 8364.17 MB used,  7739.16 MB free, 16103.34 MB total
[2022.03.15-23.23.19:844][  0]LogMemory: Virtual Memory: 134211504.00 MB used,  6226.64 MB free, 134217728.00 MB total
[2022.03.15-23.23.19:852][  0]LogWindows: WindowsPlatformFeatures enabled
[2022.03.15-23.23.19:893][  0]LogInit: Physics initialised using underlying interface: PhysX
[2022.03.15-23.23.19:893][  0]LogInit: Using OS detected language (en-US).
[2022.03.15-23.23.19:893][  0]LogInit: Using OS detected locale (en-US).
[2022.03.15-23.23.19:902][  0]LogTextLocalizationManager: No specific localization for 'en-US' exists, so the 'en' localization will be used.
[2022.03.15-23.23.20:157][  0]LogInit: Setting process to per monitor DPI aware
[2022.03.15-23.23.20:180][  0]LogWindowsTextInputMethodSystem: Display: IME system deactivated.
[2022.03.15-23.23.20:199][  0]LogSlate: New Slate User Created.  User Index 0, Is Virtual User: 0
[2022.03.15-23.23.20:199][  0]LogSlate: Slate User Registered.  User Index 0, Is Virtual User: 0
[2022.03.15-23.23.20:395][  0]LogD3D11RHI: Loaded GFSDK_Aftermath_Lib.x64.dll
[2022.03.15-23.23.20:399][  0]LogHMD: Failed to initialize OpenVR with code 110
[2022.03.15-23.23.20:400][  0]LogD3D11RHI: D3D11 min allowed feature level: 11_0
[2022.03.15-23.23.20:400][  0]LogD3D11RHI: D3D11 max allowed feature level: 11_0
[2022.03.15-23.23.20:400][  0]LogD3D11RHI: D3D11 adapters:
[2022.03.15-23.23.20:500][  0]LogD3D11RHI:    0. 'NVIDIA GeForce RTX 2080 Ti' (Feature Level 11_0)
[2022.03.15-23.23.20:500][  0]LogD3D11RHI:       11049/0/8051 MB DedicatedVideo/DedicatedSystem/SharedSystem, Outputs:1, VendorId:0x10de
[2022.03.15-23.23.20:504][  0]LogD3D11RHI:    1. 'Microsoft Basic Render Driver' (Feature Level 11_0)
[2022.03.15-23.23.20:504][  0]LogD3D11RHI:       0/0/8051 MB DedicatedVideo/DedicatedSystem/SharedSystem, Outputs:0, VendorId:0x1414
[2022.03.15-23.23.20:583][  0]LogD3D11RHI:    2. 'NVIDIA GeForce RTX 2080 Ti' (Feature Level 11_0)
[2022.03.15-23.23.20:583][  0]LogD3D11RHI:       11049/0/8051 MB DedicatedVideo/DedicatedSystem/SharedSystem, Outputs:0, VendorId:0x10de
[2022.03.15-23.23.20:583][  0]LogD3D11RHI: Chosen D3D11 Adapter:
[2022.03.15-23.23.20:583][  0]LogD3D11RHI:     Description : NVIDIA GeForce RTX 2080 Ti
[2022.03.15-23.23.20:583][  0]LogD3D11RHI:     VendorId    : 10de
[2022.03.15-23.23.20:583][  0]LogD3D11RHI:     DeviceId    : 1e04
[2022.03.15-23.23.20:583][  0]LogD3D11RHI:     SubSysId    : 8550103c
[2022.03.15-23.23.20:583][  0]LogD3D11RHI:     Revision    : 00a1
[2022.03.15-23.23.20:583][  0]LogD3D11RHI:     DedicatedVideoMemory : 11585716224 bytes
[2022.03.15-23.23.20:583][  0]LogD3D11RHI:     DedicatedSystemMemory : 0 bytes
[2022.03.15-23.23.20:583][  0]LogD3D11RHI:     SharedSystemMemory : 8442785792 bytes
[2022.03.15-23.23.20:583][  0]LogD3D11RHI:     AdapterLuid : 0 151736
[2022.03.15-23.23.20:589][  0]LogD3D11RHI: Creating new Direct3DDevice
[2022.03.15-23.23.20:589][  0]LogD3D11RHI:     GPU DeviceId: 0x1e04 (for the marketing name, search the web for "GPU Device Id")
[2022.03.15-23.23.20:589][  0]LogWindows: EnumDisplayDevices:
[2022.03.15-23.23.20:589][  0]LogWindows:    0. 'Microsoft Remote Display Adapter' (P:1 D:1)
[2022.03.15-23.23.20:589][  0]LogWindows:    1. 'Microsoft Remote Display Adapter' (P:0 D:0)
[2022.03.15-23.23.20:589][  0]LogWindows:    2. 'Microsoft Remote Display Adapter' (P:0 D:0)
[2022.03.15-23.23.20:589][  0]LogWindows:    3. 'Microsoft Remote Display Adapter' (P:0 D:0)
[2022.03.15-23.23.20:589][  0]LogWindows:    4. 'Microsoft Remote Display Adapter' (P:0 D:0)
[2022.03.15-23.23.20:589][  0]LogWindows:    5. 'Microsoft Remote Display Adapter' (P:0 D:0)
[2022.03.15-23.23.20:589][  0]LogWindows:    6. 'Microsoft Remote Display Adapter' (P:0 D:0)
[2022.03.15-23.23.20:589][  0]LogWindows:    7. 'Microsoft Remote Display Adapter' (P:0 D:0)
[2022.03.15-23.23.20:589][  0]LogWindows:    8. 'Microsoft Remote Display Adapter' (P:0 D:0)
[2022.03.15-23.23.20:589][  0]LogWindows:    9. 'Microsoft Remote Display Adapter' (P:0 D:0)
[2022.03.15-23.23.20:590][  0]LogWindows:    10. 'Microsoft Remote Display Adapter' (P:0 D:0)
[2022.03.15-23.23.20:590][  0]LogWindows:    11. 'Microsoft Remote Display Adapter' (P:0 D:0)
[2022.03.15-23.23.20:590][  0]LogWindows:    12. 'Microsoft Remote Display Adapter' (P:0 D:0)
[2022.03.15-23.23.20:590][  0]LogWindows:    13. 'Microsoft Remote Display Adapter' (P:0 D:0)
[2022.03.15-23.23.20:590][  0]LogWindows:    14. 'Microsoft Remote Display Adapter' (P:0 D:0)
[2022.03.15-23.23.20:590][  0]LogWindows:    15. 'Microsoft Remote Display Adapter' (P:0 D:0)
[2022.03.15-23.23.20:590][  0]LogWindows: DebugString: PrimaryDriverLocationFailed PrimaryDriverLocationFailed PrimaryDriverLocationFailed PrimaryDriverLocationFailed PrimaryDriverLocationFailed PrimaryDriverLocationFailed PrimaryDriverLocationFailed PrimaryDriverLocationFailed PrimaryDriverLocationFailed PrimaryDriverLocationFailed PrimaryDriverLocationFailed PrimaryDriverLocationFailed PrimaryDriverLocationFailed PrimaryDriverLocationFailed PrimaryDriverLocationFailed PrimaryDriverLocationFailed FoundDriverCount:0 
[2022.03.15-23.23.20:590][  0]LogD3D11RHI:     Adapter Name: NVIDIA GeForce RTX 2080 Ti
[2022.03.15-23.23.20:590][  0]LogD3D11RHI:   Driver Version: Unknown (internal:Unknown, unified:Unknown)
[2022.03.15-23.23.20:590][  0]LogD3D11RHI:      Driver Date: Unknown
[2022.03.15-23.23.20:590][  0]LogRHI: Texture pool is 7734 MB (70% of 11049 MB)
[2022.03.15-23.23.20:590][  0]LogD3D11RHI: Creating D3DDevice using adapter:
[2022.03.15-23.23.20:590][  0]LogD3D11RHI:     Description : NVIDIA GeForce RTX 2080 Ti
[2022.03.15-23.23.20:590][  0]LogD3D11RHI:     VendorId    : 10de
[2022.03.15-23.23.20:590][  0]LogD3D11RHI:     DeviceId    : 1e04
[2022.03.15-23.23.20:590][  0]LogD3D11RHI:     SubSysId    : 8550103c
[2022.03.15-23.23.20:590][  0]LogD3D11RHI:     Revision    : 00a1
[2022.03.15-23.23.20:590][  0]LogD3D11RHI:     DedicatedVideoMemory : 11585716224 bytes
[2022.03.15-23.23.20:590][  0]LogD3D11RHI:     DedicatedSystemMemory : 0 bytes
[2022.03.15-23.23.20:590][  0]LogD3D11RHI:     SharedSystemMemory : 8442785792 bytes
[2022.03.15-23.23.20:590][  0]LogD3D11RHI:     AdapterLuid : 0 151736
[2022.03.15-23.23.20:654][  0]LogD3D11RHI: RHI has support for 64 bit atomics
[2022.03.15-23.23.20:654][  0]LogD3D11RHI: Async texture creation enabled
[2022.03.15-23.23.20:654][  0]LogD3D11RHI: Array index from any shader is supported
[2022.03.15-23.23.20:669][  0]LogD3D11RHI: GPU Timing Frequency: 1000.000000 (Debug: 2 1)
[2022.03.15-23.23.20:705][  0]LogRHI: GeForceNow SDK initialized: 1
[2022.03.15-23.23.21:191][  0]LogTargetPlatformManager: Display: Loaded TargetPlatform 'AllDesktop'
[2022.03.15-23.23.21:214][  0]LogTargetPlatformManager: Display: Loaded TargetPlatform 'Android'
[2022.03.15-23.23.21:214][  0]LogTargetPlatformManager: Display: Loaded TargetPlatform 'Android_ASTC'
[2022.03.15-23.23.21:214][  0]LogTargetPlatformManager: Display: Loaded TargetPlatform 'Android_DXT'
[2022.03.15-23.23.21:214][  0]LogTargetPlatformManager: Display: Loaded TargetPlatform 'Android_ETC2'
[2022.03.15-23.23.21:214][  0]LogTargetPlatformManager: Display: Loaded TargetPlatform 'AndroidClient'
[2022.03.15-23.23.21:214][  0]LogTargetPlatformManager: Display: Loaded TargetPlatform 'Android_ASTCClient'
[2022.03.15-23.23.21:214][  0]LogTargetPlatformManager: Display: Loaded TargetPlatform 'Android_DXTClient'
[2022.03.15-23.23.21:214][  0]LogTargetPlatformManager: Display: Loaded TargetPlatform 'Android_ETC2Client'
[2022.03.15-23.23.21:214][  0]LogTargetPlatformManager: Display: Loaded TargetPlatform 'Android_Multi'
[2022.03.15-23.23.21:214][  0]LogTargetPlatformManager: Display: Loaded TargetPlatform 'Android_MultiClient'
[2022.03.15-23.23.21:235][  0]LogTargetPlatformManager: Display: Loaded TargetPlatform 'IOSClient'
[2022.03.15-23.23.21:235][  0]LogTargetPlatformManager: Display: Loaded TargetPlatform 'IOS'
[2022.03.15-23.23.21:247][  0]LogTargetPlatformManager: Display: Loaded TargetPlatform 'Linux'
[2022.03.15-23.23.21:252][  0]LogTargetPlatformManager: Display: Loaded TargetPlatform 'LinuxNoEditor'
[2022.03.15-23.23.21:258][  0]LogTargetPlatformManager: Display: Loaded TargetPlatform 'LinuxClient'
[2022.03.15-23.23.21:263][  0]LogTargetPlatformManager: Display: Loaded TargetPlatform 'LinuxServer'
[2022.03.15-23.23.21:274][  0]LogTargetPlatformManager: Display: Loaded TargetPlatform 'LinuxAArch64NoEditor'
[2022.03.15-23.23.21:279][  0]LogTargetPlatformManager: Display: Loaded TargetPlatform 'LinuxAArch64Client'
[2022.03.15-23.23.21:285][  0]LogTargetPlatformManager: Display: Loaded TargetPlatform 'LinuxAArch64Server'
[2022.03.15-23.23.21:313][  0]LogTargetPlatformManager: Display: Loaded TargetPlatform 'Lumin'
[2022.03.15-23.23.21:313][  0]LogTargetPlatformManager: Display: Loaded TargetPlatform 'LuminClient'
[2022.03.15-23.23.21:323][  0]LogTargetPlatformManager: Display: Loaded TargetPlatform 'MacNoEditor'
[2022.03.15-23.23.21:328][  0]LogTargetPlatformManager: Display: Loaded TargetPlatform 'Mac'
[2022.03.15-23.23.21:334][  0]LogTargetPlatformManager: Display: Loaded TargetPlatform 'MacClient'
[2022.03.15-23.23.21:339][  0]LogTargetPlatformManager: Display: Loaded TargetPlatform 'MacServer'
[2022.03.15-23.23.21:351][  0]LogTargetPlatformManager: Display: Loaded TargetPlatform 'TVOSClient'
[2022.03.15-23.23.21:351][  0]LogTargetPlatformManager: Display: Loaded TargetPlatform 'TVOS'
[2022.03.15-23.23.21:361][  0]LogTargetPlatformManager: Display: Loaded TargetPlatform 'WindowsNoEditor'
[2022.03.15-23.23.21:367][  0]LogTargetPlatformManager: Display: Loaded TargetPlatform 'Windows'
[2022.03.15-23.23.21:372][  0]LogTargetPlatformManager: Display: Loaded TargetPlatform 'WindowsClient'
[2022.03.15-23.23.21:378][  0]LogTargetPlatformManager: Display: Loaded TargetPlatform 'WindowsServer'
[2022.03.15-23.23.21:378][  0]LogTargetPlatformManager: Display: Building Assets For Windows
[2022.03.15-23.23.21:388][  0]LogAudioDebug: Display: Lib vorbis DLL was dynamically loaded.
[2022.03.15-23.23.21:430][  0]LogTextureFormatOodle: Display: Oodle Texture 2.9.0 init RDO Off
[2022.03.15-23.23.21:471][  0]LogRendererCore: Ray tracing is disabled. Reason: r.RayTracing=0.
[2022.03.15-23.23.21:471][  0]LogShaderCompilers: Guid format shader working directory is -40 characters bigger than the processId version (../../../../../../Users/peiwen4/Downloads/CS498_Game-Development-main/MP1-InfiniteMatrix/Intermediate/Shaders/WorkingDirectory/7360/).
[2022.03.15-23.23.21:471][  0]LogShaderCompilers: Cleaned the shader compiler working directory 'C:/Users/peiwen4/AppData/Local/Temp/UnrealShaderWorkingDir/1FF6DA8A43BB74FE8B1A0EB0EEF74CE1/'.
[2022.03.15-23.23.21:471][  0]LogXGEController: Cannot use XGE Controller as Incredibuild is not installed on this machine.
[2022.03.15-23.23.21:471][  0]LogShaderCompilers: Cannot use XGE Shader Compiler as Incredibuild is not installed on this machine.
[2022.03.15-23.23.21:471][  0]LogShaderCompilers: Display: Using Local Shader Compiler.
[2022.03.15-23.23.22:293][  0]LogDerivedDataCache: Display: Max Cache Size: 512 MB
[2022.03.15-23.23.22:370][  0]LogDerivedDataCache: Loaded boot cache 0.08s 98MB C:/Users/peiwen4/AppData/Local/UnrealEngine/4.27/DerivedDataCache/Boot.ddc.
[2022.03.15-23.23.22:370][  0]LogDerivedDataCache: Display: Loaded Boot cache: C:/Users/peiwen4/AppData/Local/UnrealEngine/4.27/DerivedDataCache/Boot.ddc
[2022.03.15-23.23.22:371][  0]LogDerivedDataCache: FDerivedDataBackendGraph:  Pak pak cache file ../../../../../../Users/peiwen4/Downloads/CS498_Game-Development-main/MP1-InfiniteMatrix/DerivedDataCache/DDC.ddp not found, will not use a pak cache.
[2022.03.15-23.23.22:371][  0]LogDerivedDataCache: Unable to find inner node Pak for hierarchical cache Hierarchy.
[2022.03.15-23.23.22:371][  0]LogDerivedDataCache: FDerivedDataBackendGraph:  CompressedPak pak cache file ../../../../../../Users/peiwen4/Downloads/CS498_Game-Development-main/MP1-InfiniteMatrix/DerivedDataCache/Compressed.ddp not found, will not use a pak cache.
[2022.03.15-23.23.22:371][  0]LogDerivedDataCache: Unable to find inner node CompressedPak for hierarchical cache Hierarchy.
[2022.03.15-23.23.22:388][  0]LogDerivedDataCache: Display: Pak cache opened for reading ../../../Engine/DerivedDataCache/Compressed.ddp.
[2022.03.15-23.23.22:388][  0]LogDerivedDataCache: FDerivedDataBackendGraph:  EnterprisePak pak cache file ../../../Enterprise/DerivedDataCache/Compressed.ddp not found, will not use a pak cache.
[2022.03.15-23.23.22:388][  0]LogDerivedDataCache: Unable to find inner node EnterprisePak for hierarchical cache Hierarchy.
[2022.03.15-23.23.22:399][  0]LogDerivedDataCache: Speed tests for C:/Users/peiwen4/AppData/Local/UnrealEngine/Common/DerivedDataCache took 0.01 seconds
[2022.03.15-23.23.22:399][  0]LogDerivedDataCache: Display: Performance to C:/Users/peiwen4/AppData/Local/UnrealEngine/Common/DerivedDataCache: Latency=0.03ms. RandomReadSpeed=616.10MBs, RandomWriteSpeed=102.73MBs. Assigned SpeedClass 'Local'
[2022.03.15-23.23.22:400][  0]LogDerivedDataCache: Using Local data cache path C:/Users/peiwen4/AppData/Local/UnrealEngine/Common/DerivedDataCache: Writable
[2022.03.15-23.23.22:400][  0]LogDerivedDataCache: Shared data cache path not found in *engine.ini, will not use an Shared cache.
[2022.03.15-23.23.22:400][  0]LogDerivedDataCache: Unable to find inner node Shared for hierarchical cache Hierarchy.
[2022.03.15-23.23.22:452][  0]LogSlate: Using FreeType 2.10.0
[2022.03.15-23.23.22:453][  0]LogSlate: SlateFontServices - WITH_FREETYPE: 1, WITH_HARFBUZZ: 1
[2022.03.15-23.23.22:483][  0]LogAssetRegistry: FAssetRegistry took 0.0031 seconds to start up
[2022.03.15-23.23.22:815][  0]LogInit: Selected Device Profile: [Windows]
[2022.03.15-23.23.22:816][  0]LogInit: Active device profile: [0000026AF3E49100][0000026AF34CEB00 49] Windows
[2022.03.15-23.23.22:816][  0]LogInit: Profiles: [0000026AF3E49100][0000026AF34CEB00 49] Windows, [0000026AF3DDA700][0000026AF34D2D80 49] WindowsNoEditor, [0000026AF3E4A200][0000026AF3559040 49] WindowsServer, [0000026AF3DD9900][0000026AF355D300 49] WindowsClient, [0000026AF3E49700][0000026AF35615C0 49] IOS, [0000026AF3DDA900][0000026AF3565880 49] iPadAir, [0000026AF3E4BC00][0000026AF35F9B40 49] iPadAir2, [0000026AF3C61400][0000026AF363E500 49] IPadPro, [0000026AF3C61500][0000026AF3600540 49] iPadAir3, [0000026AF3DDBA00][0000026AF3608800 49] iPadAir4, [0000026AF3C62300][0000026AF3604AC0 49] iPadMini2, [0000026AF3DDB100][0000026AF3554D40 49] iPadMini3, [0000026AF3C62F00][0000026AF3616FC0 49] iPadMini4, [0000026AF3DD9D00][0000026AE68E3280 49] iPadMini5, [0000026AF3C89000][0000026AE7C537C0 49] iPhone6, [0000026AF3C89100][0000026AE7C23800 49] iPodTouch6, [0000026AF3E4B900][0000026AE7C7A1C0 49] iPhone7, [0000026AF3E4A900][0000026AE7C40200 49] iPodTouch7, [0000026AF3C61000][0000026AE7C4E4C0 49] iPhone5S, [0000026AF3E4AF00][0000026AE7C32780 49] iPhone6Plus, [0000026AF3C63600][0000026AE7C76A40 49] iPhone6S, [0000026AF3E48C00][0000026AE7886D00 49] iPhone6SPlus, [0000026AF3E49D00][0000026AE68DEF80 49] iPhone7Plus, [0000026AF3C88800][0000026AE788B200 49] iPhoneSE, [0000026AF3E48400][0000026AE78934C0 49] iPhone8, [0000026AF3C88900][0000026AF367B780 49] iPhone8Plus, [0000026AF3C8AE00][0000026AF0CD5A40 49] iPhoneX, [0000026AF3C61D00][0000026AF0CD8180 49] iPhoneXS, [0000026AF3C8A700][0000026AF0CDC440 49] iPhoneXSMax, [0000026AF3C61C00][0000026AF0CE0700 49] iPhoneXR, [0000026AF3C8A800][0000026AF0CE49C0 49] iPhone11, [0000026AF3C60F00][0000026AF0CE8C80 49] iPhone11Pro, [0000026AF3C88B00][0000026AF0CECF40 49] iPhone11ProMax, [0000026AF3C60C00][0000026AE788F1C0 49] iPhoneSE2, [0000026AF3C88E00][0000026AF0CF1440 49] iPhone12Mini, [0000026AF3E4B800][0000026AF36A9700 49] iPhone12, [0000026AF3C8B100][0000026AF36CB9C0 49] iPhone12Pro, [0000026AF3E4B700][0000026AF36CE100 49] iPhone12ProMax, [0000026AF3C89E00][0000026AF36D23C0 49] iPadPro105, [0000026AF3E49400][0000026AF36D6680 49] iPadPro129, [0000026AF3C8BE00][0000026AF36DA940 49] iPadPro97, [0000026AF3E4A800][0000026AF36DEC00 49] iPadPro2_129, [0000026AF3C8A000][0000026AF36E2EC0 49] iPad5, [0000026AF3E4A300][0000026AF36E7180 49] iPad6, [0000026AF3C8BB00][0000026AF36A5400 49] iPad7, [0000026AF3E49E00][0000026AF36EB680 49] iPad8, [0000026AF3C88A00][0000026AF36F3940 49] iPadPro11, [0000026AF3E4BE00][0000026AF36F7C00 49] iPadPro2_11, [0000026AF3C89800][0000026AF36FA340 49] iPadPro3_129, [0000026AF3E4A700][0000026AF36FE600 49] iPadPro4_129, [0000026AF3C88200][0000026AF37028C0 49] AppleTV, [0000026AF3E4BF00][0000026AF3706B80 49] AppleTV4K, [0000026AF3C8A400][0000026AF370EE40 49] TVOS, [0000026AF3E48100][0000026AF3713100 49] Mac, [0000026AF3C89D00][0000026AF37173C0 49] MacClient, [0000026AF3E4AA00][0000026AF36EF640 49] MacNoEditor, [0000026AF3C8BA00][0000026AF371B8C0 49] MacServer, [0000026AF3E4A000][0000026AE692DB80 49] Linux, [0000026AF3C89600][0000026AE69302C0 49] LinuxAArch64, [0000026AF3E48800][0000026AE6934580 49] LinuxNoEditor, [0000026AF3C88C00][0000026AE6954840 49] LinuxAArch64NoEditor, [0000026AF3E4BB00][0000026AE6958B00 49] LinuxClient, [0000026AF3C8B400][0000026AE695CDC0 49] LinuxAArch64Client, [0000026AF3E4BA00][0000026AE6965080 49] LinuxServer, [0000026AF3C88700][0000026AE696D340 49] LinuxAArch64Server, [0000026AF3E4AD00][0000026AE69AD600 49] Android, [0000026AF3C8AA00][0000026AE6929880 49] Android_Low, [0000026AF3E49F00][0000026AE69B1B00 49] Android_Mid, [0000026AF3C89F00][0000026AF1F14240 49] Android_High, [0000026AF3E49900][0000026AF1F18500 49] Android_Default, [0000026AF3C8BC00][0000026AF1F1C7C0 49] Android_Adreno4xx, [0000026AF3E4B600][0000026AF1F20A80 49] Android_Adreno5xx_Low, [0000026AF3C8B200][0000026AF1F24D40 49] Android_Adreno5xx, [0000026AF3E49000][0000026AF1F29000 49] Android_Adreno6xx, [0000026AF3C8A500][0000026AF1F2D2C0 49] Android_Adreno6xx_Vulkan, [0000026AF3E48A00][0000026AF1F31580 49] Android_Mali_T6xx, [0000026AF3C8A900][0000026AF1F35840 49] Android_Mali_T7xx, [0000026AF3E4BD00][0000026AF1F11AC0 49] Android_Mali_T8xx, [0000026AF3C8AD00][0000026AF1F381C0 49] Android_Mali_G71, [0000026AF3C63100][0000026AF1F40480 49] Android_Mali_G72, [0000026AF3DDAF00][0000026AF1F44740 49] Android_Mali_G72_Vulkan, [0000026AF3C62B00][0000026AF1F48A00 49] Android_Mali_G76, [0000026AF3DD8500][0000026AF1F4CCC0 49] Android_Mali_G76_Vulkan, [0000026AF3C62600][0000026AF1F50F80 49] Android_Mali_G77, [0000026AF3DDBE00][0000026AF1F55240 49] Android_Mali_G77_Vulkan, [0000026AF3C62400][0000026AF1F59500 49] Android_Mali_G78, [0000026AF3DD8D00][0000026AF1F5D7C0 49] Android_Mali_G78_Vulkan, [0000026AF3C63500][0000026AF1F61A80 49] Android_Mali_G710, [0000026AF3DDAB00][0000026AF1F3C180 49] Android_Mali_G710_Vulkan, [0000026AF3C63E00][0000026AF1F64400 49] Android_Vulkan_SM5, [0000026AF3DD9A00][0000026AF34D66C0 49] Android_PowerVR_G6xxx, [0000026AF3C60500][0000026AF34DA980 49] Android_PowerVR_GT7xxx, [0000026AF3DD8200][0000026AF34DEC40 49] Android_PowerVR_GE8xxx, [0000026AF3C63B00][0000026AF34E2F00 49] Android_PowerVR_GM9xxx, [0000026AF3DDA100][0000026AF34E71C0 49] Android_PowerVR_GM9xxx_Vulkan, [0000026AF3C61F00][0000026AF34EB480 49] Android_TegraK1, [0000026AF3DD8A00][0000026AF34EF740 49] Android_Unknown_Vulkan, [0000026AF3C63900][0000026AF34F3A00 49] Lumin, [0000026AF3DD9200][0000026AF34F6140 49] Lumin_Desktop, [0000026AF3C61E00][0000026AF1F683C0 49] HoloLens, 
[2022.03.15-23.23.22:987][  0]LogMeshReduction: Using QuadricMeshReduction for automatic static mesh reduction
[2022.03.15-23.23.22:987][  0]LogMeshReduction: Using SimplygonMeshReduction for automatic skeletal mesh reduction
[2022.03.15-23.23.22:987][  0]LogMeshReduction: Using ProxyLODMeshReduction for automatic mesh merging
[2022.03.15-23.23.22:987][  0]LogMeshReduction: No distributed automatic mesh merging module available
[2022.03.15-23.23.22:987][  0]LogMeshMerging: No distributed automatic mesh merging module available
[2022.03.15-23.23.23:014][  0]LogNetVersion: InfiniteMatrix222 1.0.0, NetCL: 17155196, EngineNetVer: 17, GameNetVer: 0 (Checksum: 3548686809)
[2022.03.15-23.23.23:506][  0]LogTexture: Default maximum texture size for cubemaps generated from long-lat sources has been changed from 512 to unlimited. In order to preserve old behaiour for '/Engine/MapTemplates/Sky/DaylightAmbientCubemap.DaylightAmbientCubemap', its maximum texture size has been explicitly set to 512.
[2022.03.15-23.23.23:587][  0]LogHMD: PokeAHoleMaterial loaded successfully
[2022.03.15-23.23.23:594][  0]LogUObjectArray: 17178 objects as part of root set at end of initial load.
[2022.03.15-23.23.23:594][  0]LogUObjectAllocator: 4302048 out of 0 bytes used by permanent object pool.
[2022.03.15-23.23.23:594][  0]LogUObjectArray: CloseDisregardForGC: 0/0 objects in disregard for GC pool
[2022.03.15-23.23.23:967][  0]LogNiagaraDebuggerClient: Niagara Debugger Client Initialized | Session: AF2D0339468B9D4D707D5682A337671D | Instance: 7723DD704668DC16BD4DF8A266E4035D (SIEBL-4107-15-7360).
[2022.03.15-23.23.24:007][  0]LogPython: Using Python 3.7.7
[2022.03.15-23.23.24:708][  0]LogTcpMessaging: Initializing TcpMessaging bridge
[2022.03.15-23.23.24:714][  0]LogUdpMessaging: Initializing bridge on interface 0.0.0.0:0 to multicast group 230.0.0.1:6666.
[2022.03.15-23.23.24:895][  0]SourceControl: Source control is disabled
[2022.03.15-23.23.24:895][  0]SourceControl: Source control is disabled
[2022.03.15-23.23.24:899][  0]SourceControl: Source control is disabled
[2022.03.15-23.23.24:903][  0]SourceControl: Source control is disabled
[2022.03.15-23.23.24:915][  0]SourceControl: Source control is disabled
[2022.03.15-23.23.24:922][  0]LogUProjectInfo: Found projects:
[2022.03.15-23.23.25:181][  0]LogOpenImageDenoise: OIDN starting up
[2022.03.15-23.23.25:235][  0]LogAndroidPermission: UAndroidPermissionCallbackProxy::GetInstance
[2022.03.15-23.23.25:263][  0]LogAudioCaptureCore: Display: No Audio Capture implementations found. Audio input will be silent.
[2022.03.15-23.23.25:263][  0]LogAudioCaptureCore: Display: No Audio Capture implementations found. Audio input will be silent.
[2022.03.15-23.23.25:409][  0]LogCollectionManager: Loaded 0 collections in 0.002039 seconds
[2022.03.15-23.23.25:439][  0]LogFileCache: Scanning file cache for directory 'C:/Users/peiwen4/Downloads/CS498_Game-Development-main/MP1-InfiniteMatrix/Saved/Collections/' took 0.00s
[2022.03.15-23.23.25:439][  0]LogFileCache: Scanning file cache for directory 'C:/Users/peiwen4/Downloads/CS498_Game-Development-main/MP1-InfiniteMatrix/Content/Developers/peiwen4/Collections/' took 0.00s
[2022.03.15-23.23.25:439][  0]LogFileCache: Scanning file cache for directory 'C:/Users/peiwen4/Downloads/CS498_Game-Development-main/MP1-InfiniteMatrix/Content/Collections/' took 0.00s
[2022.03.15-23.23.25:439][  0]LogOcInput: OculusInput pre-init called
[2022.03.15-23.23.25:719][  0]LogEngine: Initializing Engine...
[2022.03.15-23.23.25:723][  0]LogHMD: Failed to enumerate extensions. Please check that you have a valid OpenXR runtime installed.
[2022.03.15-23.23.25:723][  0]LogHMD: Failed to initialize OpenVR with code 110
[2022.03.15-23.23.25:723][  0]LogMagicLeap: Warning: VR disabled because ZI is not enabled.  To enable, in the editor, Edit -> Project Settings -> Plugins -> Magic Leap Plugin -> Enable Zero Iteration
[2022.03.15-23.23.25:724][  0]LogStats: UGameplayTagsManager::InitializeManager -  0.000 s
[2022.03.15-23.23.25:952][  0]LogInit: Initializing FReadOnlyCVARCache
[2022.03.15-23.23.25:962][  0]LogAIModule: Creating AISystem for world Untitled
[2022.03.15-23.23.25:962][  0]LogAudio: Display: Initializing Audio Device Manager...
[2022.03.15-23.23.25:966][  0]LogAudio: Display: Loading Default Audio Settings Objects...
[2022.03.15-23.23.25:967][  0]LogAudio: Display: No default SoundConcurrencyObject specified (or failed to load).
[2022.03.15-23.23.25:967][  0]LogAudio: Display: Audio Device Manager Initialized
[2022.03.15-23.23.25:967][  0]LogAudio: Display: Creating Audio Device:                 Id: 1, Scope: Shared, Realtime: True
[2022.03.15-23.23.25:967][  0]LogAudioMixer: Display: Audio Mixer Platform Settings:
[2022.03.15-23.23.25:967][  0]LogAudioMixer: Display: 	Sample Rate:						  48000
[2022.03.15-23.23.25:967][  0]LogAudioMixer: Display: 	Callback Buffer Frame Size Requested: 1024
[2022.03.15-23.23.25:967][  0]LogAudioMixer: Display: 	Callback Buffer Frame Size To Use:	  1024
[2022.03.15-23.23.25:967][  0]LogAudioMixer: Display: 	Number of buffers to queue:			  2
[2022.03.15-23.23.25:967][  0]LogAudioMixer: Display: 	Max Channels (voices):				  32
[2022.03.15-23.23.25:968][  0]LogAudioMixer: Display: 	Number of Async Source Workers:		  0
[2022.03.15-23.23.25:968][  0]LogAudio: Display: AudioDevice MaxSources: 32
[2022.03.15-23.23.25:968][  0]LogAudio: Display: Audio Spatialization Plugin: None (built-in).
[2022.03.15-23.23.25:968][  0]LogAudio: Display: Audio Reverb Plugin: None (built-in).
[2022.03.15-23.23.25:968][  0]LogAudio: Display: Audio Occlusion Plugin: None (built-in).
[2022.03.15-23.23.25:968][  0]LogAudioMixer: Display: Initializing audio mixer.
[2022.03.15-23.23.25:986][  0]LogAudioMixer: Display: 0: FrontLeft
[2022.03.15-23.23.25:986][  0]LogAudioMixer: Display: 1: FrontRight
[2022.03.15-23.23.26:029][  0]LogAudioMixer: Display: Using Audio Device Remote Audio
[2022.03.15-23.23.26:030][  0]LogAudioMixer: Display: Initializing Sound Submixes...
[2022.03.15-23.23.26:032][  0]LogAudioMixer: Display: Creating Master Submix 'MasterSubmixDefault'
[2022.03.15-23.23.26:033][  0]LogAudioMixer: Display: Creating Master Submix 'MasterReverbSubmixDefault'
[2022.03.15-23.23.26:033][  0]LogAudioMixer: Display: Creating Master Submix 'MasterEQSubmixDefault'
[2022.03.15-23.23.26:033][  0]LogAudioMixer: FMixerPlatformXAudio2::StartAudioStream() called
[2022.03.15-23.23.26:033][  0]LogAudioMixer: Display: Output buffers initialized: Frames=1024, Channels=2, Samples=2048
[2022.03.15-23.23.26:034][  0]LogAudioMixer: Display: Starting AudioMixerPlatformInterface::RunInternal()
[2022.03.15-23.23.26:034][  0]LogAudioMixer: Display: FMixerPlatformXAudio2::SubmitBuffer() called for the first time
[2022.03.15-23.23.26:034][  0]LogInit: FAudioDevice initialized.
[2022.03.15-23.23.26:034][  0]LogAudio: Display: Audio Device (ID: 1) registered with world 'Untitled'.
[2022.03.15-23.23.26:034][  0]LogNetVersion: Set ProjectVersion to 1.0.0.0. Version Checksum will be recalculated on next use.
[2022.03.15-23.23.26:108][  0]LogDerivedDataCache: Saved boot cache 0.07s 120MB C:/Users/peiwen4/AppData/Local/UnrealEngine/4.27/DerivedDataCache/Boot.ddc.
[2022.03.15-23.23.26:112][  0]LogInit: Texture streaming: Enabled
[2022.03.15-23.23.26:127][  0]LogAnalytics: Display: [UEEditor.Rocket.Release] APIServer = https://datarouter.ol.epicgames.com/. AppVersion = 4.27.2-18319896+++UE4+Release-4.27
[2022.03.15-23.23.26:132][  0]LogEngineSessionManager: EngineSessionManager initialized
[2022.03.15-23.23.26:133][  0]LogEditorSessionSummary: Verbose: Initializing EditorSessionSummaryWriter for editor session tracking
[2022.03.15-23.23.26:138][  0]LogEditorSessionSummary: EditorSessionSummaryWriter initialized
[2022.03.15-23.23.26:170][  0]LogInit: Transaction tracking system initialized
[2022.03.15-23.23.26:198][  0]BlueprintLog: New page: Editor Load
[2022.03.15-23.23.26:268][  0]LocalizationService: Localization service is disabled
[2022.03.15-23.23.26:295][  0]TimingProfiler: Initialize
[2022.03.15-23.23.26:295][  0]TimingProfiler: OnSessionChanged
[2022.03.15-23.23.26:296][  0]LoadingProfiler: Initialize
[2022.03.15-23.23.26:296][  0]LoadingProfiler: OnSessionChanged
[2022.03.15-23.23.26:296][  0]NetworkingProfiler: Initialize
[2022.03.15-23.23.26:296][  0]NetworkingProfiler: OnSessionChanged
[2022.03.15-23.23.26:296][  0]MemoryProfiler: Initialize
[2022.03.15-23.23.26:296][  0]MemoryProfiler: OnSessionChanged
[2022.03.15-23.23.26:473][  0]LogCook: Display: CookSettings for Memory: MemoryMaxUsedVirtual 0MiB, MemoryMaxUsedPhysical 16384MiB, MemoryMinFreeVirtual 0MiB, MemoryMinFreePhysical 1024MiB
[2022.03.15-23.23.26:473][  0]LogCook: Display: Mobile HDR setting 1
[2022.03.15-23.23.26:700][  0]LogFileCache: Scanning file cache for directory 'C:/Users/peiwen4/Downloads/CS498_Game-Development-main/MP1-InfiniteMatrix/Content/' took 0.00s
[2022.03.15-23.23.26:925][  0]LogInit: Display: Engine is initialized. Leaving FEngineLoop::Init()
[2022.03.15-23.23.26:932][  0]SourceControl: Source control is disabled
[2022.03.15-23.23.26:932][  0]LogUnrealEdMisc: Loading editor; pre map load, took 9.139
[2022.03.15-23.23.26:932][  0]Cmd: MAP LOAD FILE="../../../../../../Users/peiwen4/Downloads/CS498_Game-Development-main/MP1-InfiniteMatrix/Content/InfiniteMatrix/Maps/TutorialMap.umap" TEMPLATE=0 SHOWPROGRESS=1 FEATURELEVEL=3
[2022.03.15-23.23.26:933][  0]LightingResults: New page: Lighting Build
[2022.03.15-23.23.26:934][  0]LogWorld: UWorld::CleanupWorld for Untitled, bSessionEnded=true, bCleanupResources=true
[2022.03.15-23.23.26:934][  0]LogSlate: InvalidateAllWidgets triggered.  All widgets were invalidated
[2022.03.15-23.23.26:935][  0]MapCheck: New page: Map Check
[2022.03.15-23.23.26:935][  0]LightingResults: New page: Lighting Build
[2022.03.15-23.23.26:939][  0]LogAudio: Display: Audio Device unregistered from world 'None'.
[2022.03.15-23.23.26:942][  0]LogUObjectHash: Compacting FUObjectHashTables data took   0.87ms
[2022.03.15-23.23.27:069][  0]LogTexture: Display: Building textures: HQ_Lightmap0_2 (OODLE_AutoDXT, 64X64)
[2022.03.15-23.23.27:069][  0]LogTexture: Display: Building textures: LQ_Lightmap_0_2 (OODLE_DXT1, 64X64)
[2022.03.15-23.23.27:069][  0]LogTexture: Display: Building textures: HQ_Lightmap0_1 (OODLE_AutoDXT, 256X256)
[2022.03.15-23.23.27:069][  0]LogTexture: Display: Building textures: LQ_Lightmap_0_1 (OODLE_DXT1, 256X256)
[2022.03.15-23.23.27:069][  0]LogTexture: Display: Building textures: ShadowMapTexture2D_0 (G8, 128X128)
[2022.03.15-23.23.27:069][  0]LogTexture: Display: Building textures: ShadowMapTexture2D_1 (G8, 32X32)
[2022.03.15-23.23.27:069][  0]LogTexture: Display: Building textures: T_Restart (OODLE_AutoDXT, 512X512)
[2022.03.15-23.23.27:069][  0]LogMaterial: Display: Missing cached shadermap for Material in PCD3D_SM5, Default, SM5 (DDC key hash: 3EA0F20EF94BFB7F1914B17DA0E2402235FDDFB5), compiling. 
[2022.03.15-23.23.27:141][  0]LogTexture: Display: Building textures: T_Noise (OODLE_AutoDXT, 2048X2048)
[2022.03.15-23.23.27:141][  0]LogTexture: Display: Building textures: T_Binary (OODLE_AutoDXT, 2048X2048)
[2022.03.15-23.23.27:141][  0]LogShaderCompilers: Display: Submitted 16 shader compile jobs with 'Low' priority
[2022.03.15-23.23.27:141][  0]LogStaticMesh: Building static mesh SM_HealthPack...
[2022.03.15-23.23.27:143][  0]LogStaticMesh: Built static mesh [0.00s] /Game/InfiniteMatrix/Meshes/SM_HealthPack.SM_HealthPack
[2022.03.15-23.23.27:144][  0]LogMaterial: Display: Missing cached shadermap for M_HoleBase in PCD3D_SM5, Default, SM5 (DDC key hash: 47B3EB4B24A2D491FB4C95CE8FD11E4C207E2FB2), compiling. 
[2022.03.15-23.23.27:153][  0]LogShaderCompilers: Display: Worker (1/5): shaders left to compile 16
[2022.03.15-23.23.27:153][  0]LogShaderCompilers: Display: Worker (2/5): shaders left to compile 12
[2022.03.15-23.23.27:153][  0]LogShaderCompilers: Display: Worker (3/5): shaders left to compile 8
[2022.03.15-23.23.27:153][  0]LogShaderCompilers: Display: Worker (4/5): shaders left to compile 4
[2022.03.15-23.23.27:153][  0]LogShaderCompilers: Display: Started 16 'Local' shader compile jobs with 'Low' priority
[2022.03.15-23.23.27:153][  0]LogShaderCompilers: Display: Submitted 6 shader compile jobs with 'Low' priority
[2022.03.15-23.23.27:154][  0]LogStaticMesh: Building static mesh SM_Enemy...
[2022.03.15-23.23.27:183][  0]LogStaticMesh: Built static mesh [0.03s] /Game/InfiniteMatrix/Meshes/SM_Enemy.SM_Enemy
[2022.03.15-23.23.27:520][  0]LogTextureFormatOodle: Display: non-RDO encode 2048 x 2048 x 1 to format OODLE_AutoDXT (Oodle OodleTex_BC1_WithTransparency) lambda=0 effort=20 
[2022.03.15-23.23.27:520][  0]LogTextureFormatOodle: Display: non-RDO encode 1024 x 1024 x 1 to format OODLE_AutoDXT (Oodle OodleTex_BC1_WithTransparency) lambda=0 effort=20 
[2022.03.15-23.23.27:520][  0]LogShaderCompilers: Display: Worker (5/5): shaders left to compile 6
[2022.03.15-23.23.27:520][  0]LogTextureFormatOodle: Display: non-RDO encode 2048 x 2048 x 1 to format OODLE_AutoDXT (Oodle OodleTex_BC1_WithTransparency) lambda=0 effort=20 
[2022.03.15-23.23.27:520][  0]LogShaderCompilers: Display: Started 2 'Local' shader compile jobs with 'Low' priority
[2022.03.15-23.23.27:520][  0]LogTextureFormatOodle: Display: non-RDO encode 1024 x 1024 x 1 to format OODLE_AutoDXT (Oodle OodleTex_BC1_WithTransparency) lambda=0 effort=20 
[2022.03.15-23.23.27:520][  0]LogMaterial: Display: Missing cached shadermap for M_TunnelBase in PCD3D_SM5, Default, SM5 (DDC key hash: 16A21B28C2467BD32EC87987A9C4630949F3B2F7), compiling. 
[2022.03.15-23.23.27:531][  0]LogShaderCompilers: Display: Submitted 6 shader compile jobs with 'Low' priority
[2022.03.15-23.23.27:534][  0]LogStaticMesh: Building static mesh SM_Tunnel...
[2022.03.15-23.23.27:538][  0]LogStaticMesh: Built static mesh [0.00s] /Game/InfiniteMatrix/Meshes/SM_Tunnel.SM_Tunnel
[2022.03.15-23.23.27:543][  0]LogStaticMesh: Building static mesh SM_Hole_04...
[2022.03.15-23.23.27:549][  0]LogStaticMesh: Built static mesh [0.01s] /Game/InfiniteMatrix/Meshes/SM_Hole_04.SM_Hole_04
[2022.03.15-23.23.27:556][  0]LogStaticMesh: Building static mesh SM_Hole_03...
[2022.03.15-23.23.27:563][  0]LogStaticMesh: Built static mesh [0.01s] /Game/InfiniteMatrix/Meshes/SM_Hole_03.SM_Hole_03
[2022.03.15-23.23.27:572][  0]LogStaticMesh: Building static mesh SM_Hole_02...
[2022.03.15-23.23.27:579][  0]LogStaticMesh: Built static mesh [0.01s] /Game/InfiniteMatrix/Meshes/SM_Hole_02.SM_Hole_02
[2022.03.15-23.23.27:583][  0]LogStaticMesh: Building static mesh SM_Hole_01...
[2022.03.15-23.23.27:589][  0]LogStaticMesh: Built static mesh [0.01s] /Game/InfiniteMatrix/Meshes/SM_Hole_01.SM_Hole_01
[2022.03.15-23.23.27:597][  0]LogAudio: Display: Audio Device (ID: 1) registered with world 'TutorialMap'.
[2022.03.15-23.23.27:598][  0]LogAIModule: Creating AISystem for world TutorialMap
[2022.03.15-23.23.27:602][  0]LogEditorServer: Finished looking for orphan Actors (0.000 secs)
[2022.03.15-23.23.27:612][  0]LogUObjectHash: Compacting FUObjectHashTables data took   1.36ms
[2022.03.15-23.23.27:629][  0]Cmd: MAP CHECKDEP NOCLEARLOG
[2022.03.15-23.23.27:630][  0]MapCheck: Map check complete: 0 Error(s), 0 Warning(s), took 0.195ms to complete.
[2022.03.15-23.23.27:630][  0]LogFileHelpers: Loading map 'TutorialMap' took 0.697
[2022.03.15-23.23.27:633][  0]LogUnrealEdMisc: Total Editor Startup Time, took 9.840
[2022.03.15-23.23.27:822][  0]LogSlate: Updating window title bar state: overlay mode, drag disabled, window buttons hidden, title bar hidden
[2022.03.15-23.23.27:833][  0]LogSlate: Updating window title bar state: overlay mode, drag disabled, window buttons hidden, title bar hidden
[2022.03.15-23.23.27:842][  0]LogSlate: Updating window title bar state: overlay mode, drag disabled, window buttons hidden, title bar hidden
[2022.03.15-23.23.27:853][  0]LogSlate: Updating window title bar state: overlay mode, drag disabled, window buttons hidden, title bar hidden
[2022.03.15-23.23.27:880][  0]LogNativeClassHierarchy: Verbose: Native class hierarchy populated in 0.0163 seconds. Added 3822 classes and 928 folders.
[2022.03.15-23.23.27:883][  0]LogNativeClassHierarchy: Verbose: Native class hierarchy updated for 'WidgetCarousel' in 0.0004 seconds. Added 0 classes and 0 folders.
[2022.03.15-23.23.27:885][  0]LogPakFile: PakFile PrimaryIndexSize=187
[2022.03.15-23.23.27:885][  0]LogPakFile: PakFile PathHashIndexSize=101
[2022.03.15-23.23.27:885][  0]LogPakFile: PakFile FullDirectoryIndexSize=148
[2022.03.15-23.23.27:886][  0]LogShaderLibrary: Display: ShaderCodeLibraryPakFileMountedCallback: PakFile 'C:/Program Files/Epic Games/UE_4.27/FeaturePacks/FP_FirstPerson.upack' (chunk index -1, root 'root:/') mounted
[2022.03.15-23.23.27:886][  0]LogShaderLibrary: Display: ShaderCodeLibraryPakFileMountedCallback: pending pak file info (ChunkID:-1 Root:root:/ File:C:/Program Files/Epic Games/UE_4.27/FeaturePacks/FP_FirstPerson.upack)
[2022.03.15-23.23.27:886][  0]LogPakFile: OnPakFileMounted2Time == 0.000091
[2022.03.15-23.23.27:887][  0]LogPakFile: PakFile PrimaryIndexSize=189
[2022.03.15-23.23.27:887][  0]LogPakFile: PakFile PathHashIndexSize=101
[2022.03.15-23.23.27:887][  0]LogPakFile: PakFile FullDirectoryIndexSize=152
[2022.03.15-23.23.27:887][  0]LogShaderLibrary: Display: ShaderCodeLibraryPakFileMountedCallback: PakFile 'C:/Program Files/Epic Games/UE_4.27/FeaturePacks/FP_FirstPersonBP.upack' (chunk index -1, root 'root:/') mounted
[2022.03.15-23.23.27:887][  0]LogShaderLibrary: Display: ShaderCodeLibraryPakFileMountedCallback: pending pak file info (ChunkID:-1 Root:root:/ File:C:/Program Files/Epic Games/UE_4.27/FeaturePacks/FP_FirstPersonBP.upack)
[2022.03.15-23.23.27:887][  0]LogPakFile: OnPakFileMounted2Time == 0.000061
[2022.03.15-23.23.27:888][  0]LogPakFile: PakFile PrimaryIndexSize=191
[2022.03.15-23.23.27:888][  0]LogPakFile: PakFile PathHashIndexSize=101
[2022.03.15-23.23.27:888][  0]LogPakFile: PakFile FullDirectoryIndexSize=160
[2022.03.15-23.23.27:888][  0]LogShaderLibrary: Display: ShaderCodeLibraryPakFileMountedCallback: PakFile 'C:/Program Files/Epic Games/UE_4.27/FeaturePacks/MobileStarterContent.upack' (chunk index -1, root 'root:/') mounted
[2022.03.15-23.23.27:888][  0]LogShaderLibrary: Display: ShaderCodeLibraryPakFileMountedCallback: pending pak file info (ChunkID:-1 Root:root:/ File:C:/Program Files/Epic Games/UE_4.27/FeaturePacks/MobileStarterContent.upack)
[2022.03.15-23.23.27:888][  0]LogPakFile: OnPakFileMounted2Time == 0.000052
[2022.03.15-23.23.27:889][  0]LogPakFile: PakFile PrimaryIndexSize=185
[2022.03.15-23.23.27:889][  0]LogPakFile: PakFile PathHashIndexSize=101
[2022.03.15-23.23.27:889][  0]LogPakFile: PakFile FullDirectoryIndexSize=148
[2022.03.15-23.23.27:889][  0]LogShaderLibrary: Display: ShaderCodeLibraryPakFileMountedCallback: PakFile 'C:/Program Files/Epic Games/UE_4.27/FeaturePacks/StarterContent.upack' (chunk index -1, root 'root:/') mounted
[2022.03.15-23.23.27:889][  0]LogShaderLibrary: Display: ShaderCodeLibraryPakFileMountedCallback: pending pak file info (ChunkID:-1 Root:root:/ File:C:/Program Files/Epic Games/UE_4.27/FeaturePacks/StarterContent.upack)
[2022.03.15-23.23.27:889][  0]LogPakFile: OnPakFileMounted2Time == 0.000056
[2022.03.15-23.23.27:890][  0]LogPakFile: PakFile PrimaryIndexSize=190
[2022.03.15-23.23.27:890][  0]LogPakFile: PakFile PathHashIndexSize=101
[2022.03.15-23.23.27:890][  0]LogPakFile: PakFile FullDirectoryIndexSize=154
[2022.03.15-23.23.27:890][  0]LogShaderLibrary: Display: ShaderCodeLibraryPakFileMountedCallback: PakFile 'C:/Program Files/Epic Games/UE_4.27/FeaturePacks/TP_2DSideScroller.upack' (chunk index -1, root 'root:/') mounted
[2022.03.15-23.23.27:890][  0]LogShaderLibrary: Display: ShaderCodeLibraryPakFileMountedCallback: pending pak file info (ChunkID:-1 Root:root:/ File:C:/Program Files/Epic Games/UE_4.27/FeaturePacks/TP_2DSideScroller.upack)
[2022.03.15-23.23.27:890][  0]LogPakFile: OnPakFileMounted2Time == 0.000054
[2022.03.15-23.23.27:891][  0]LogPakFile: PakFile PrimaryIndexSize=192
[2022.03.15-23.23.27:891][  0]LogPakFile: PakFile PathHashIndexSize=101
[2022.03.15-23.23.27:891][  0]LogPakFile: PakFile FullDirectoryIndexSize=158
[2022.03.15-23.23.27:891][  0]LogShaderLibrary: Display: ShaderCodeLibraryPakFileMountedCallback: PakFile 'C:/Program Files/Epic Games/UE_4.27/FeaturePacks/TP_2DSideScrollerBP.upack' (chunk index -1, root 'root:/') mounted
[2022.03.15-23.23.27:891][  0]LogShaderLibrary: Display: ShaderCodeLibraryPakFileMountedCallback: pending pak file info (ChunkID:-1 Root:root:/ File:C:/Program Files/Epic Games/UE_4.27/FeaturePacks/TP_2DSideScrollerBP.upack)
[2022.03.15-23.23.27:891][  0]LogPakFile: OnPakFileMounted2Time == 0.000049
[2022.03.15-23.23.27:892][  0]LogPakFile: PakFile PrimaryIndexSize=182
[2022.03.15-23.23.27:892][  0]LogPakFile: PakFile PathHashIndexSize=101
[2022.03.15-23.23.27:892][  0]LogPakFile: PakFile FullDirectoryIndexSize=138
[2022.03.15-23.23.27:892][  0]LogShaderLibrary: Display: ShaderCodeLibraryPakFileMountedCallback: PakFile 'C:/Program Files/Epic Games/UE_4.27/FeaturePacks/TP_Flying.upack' (chunk index -1, root 'root:/') mounted
[2022.03.15-23.23.27:892][  0]LogShaderLibrary: Display: ShaderCodeLibraryPakFileMountedCallback: pending pak file info (ChunkID:-1 Root:root:/ File:C:/Program Files/Epic Games/UE_4.27/FeaturePacks/TP_Flying.upack)
[2022.03.15-23.23.27:892][  0]LogPakFile: OnPakFileMounted2Time == 0.000058
[2022.03.15-23.23.27:893][  0]LogPakFile: PakFile PrimaryIndexSize=184
[2022.03.15-23.23.27:893][  0]LogPakFile: PakFile PathHashIndexSize=101
[2022.03.15-23.23.27:893][  0]LogPakFile: PakFile FullDirectoryIndexSize=142
[2022.03.15-23.23.27:893][  0]LogShaderLibrary: Display: ShaderCodeLibraryPakFileMountedCallback: PakFile 'C:/Program Files/Epic Games/UE_4.27/FeaturePacks/TP_FlyingBP.upack' (chunk index -1, root 'root:/') mounted
[2022.03.15-23.23.27:893][  0]LogShaderLibrary: Display: ShaderCodeLibraryPakFileMountedCallback: pending pak file info (ChunkID:-1 Root:root:/ File:C:/Program Files/Epic Games/UE_4.27/FeaturePacks/TP_FlyingBP.upack)
[2022.03.15-23.23.27:893][  0]LogPakFile: OnPakFileMounted2Time == 0.000052
[2022.03.15-23.23.27:894][  0]LogPakFile: PakFile PrimaryIndexSize=188
[2022.03.15-23.23.27:894][  0]LogPakFile: PakFile PathHashIndexSize=101
[2022.03.15-23.23.27:894][  0]LogPakFile: PakFile FullDirectoryIndexSize=150
[2022.03.15-23.23.27:894][  0]LogShaderLibrary: Display: ShaderCodeLibraryPakFileMountedCallback: PakFile 'C:/Program Files/Epic Games/UE_4.27/FeaturePacks/TP_HandheldARBP.upack' (chunk index -1, root 'root:/') mounted
[2022.03.15-23.23.27:894][  0]LogShaderLibrary: Display: ShaderCodeLibraryPakFileMountedCallback: pending pak file info (ChunkID:-1 Root:root:/ File:C:/Program Files/Epic Games/UE_4.27/FeaturePacks/TP_HandheldARBP.upack)
[2022.03.15-23.23.27:894][  0]LogPakFile: OnPakFileMounted2Time == 0.000058
[2022.03.15-23.23.27:895][  0]LogPakFile: PakFile PrimaryIndexSize=182
[2022.03.15-23.23.27:895][  0]LogPakFile: PakFile PathHashIndexSize=101
[2022.03.15-23.23.27:895][  0]LogPakFile: PakFile FullDirectoryIndexSize=138
[2022.03.15-23.23.27:895][  0]LogShaderLibrary: Display: ShaderCodeLibraryPakFileMountedCallback: PakFile 'C:/Program Files/Epic Games/UE_4.27/FeaturePacks/TP_Puzzle.upack' (chunk index -1, root 'root:/') mounted
[2022.03.15-23.23.27:895][  0]LogShaderLibrary: Display: ShaderCodeLibraryPakFileMountedCallback: pending pak file info (ChunkID:-1 Root:root:/ File:C:/Program Files/Epic Games/UE_4.27/FeaturePacks/TP_Puzzle.upack)
[2022.03.15-23.23.27:895][  0]LogPakFile: OnPakFileMounted2Time == 0.000057
[2022.03.15-23.23.27:896][  0]LogPakFile: PakFile PrimaryIndexSize=184
[2022.03.15-23.23.27:896][  0]LogPakFile: PakFile PathHashIndexSize=101
[2022.03.15-23.23.27:896][  0]LogPakFile: PakFile FullDirectoryIndexSize=142
[2022.03.15-23.23.27:896][  0]LogShaderLibrary: Display: ShaderCodeLibraryPakFileMountedCallback: PakFile 'C:/Program Files/Epic Games/UE_4.27/FeaturePacks/TP_PuzzleBP.upack' (chunk index -1, root 'root:/') mounted
[2022.03.15-23.23.27:896][  0]LogShaderLibrary: Display: ShaderCodeLibraryPakFileMountedCallback: pending pak file info (ChunkID:-1 Root:root:/ File:C:/Program Files/Epic Games/UE_4.27/FeaturePacks/TP_PuzzleBP.upack)
[2022.03.15-23.23.27:896][  0]LogPakFile: OnPakFileMounted2Time == 0.000058
[2022.03.15-23.23.27:897][  0]LogPakFile: PakFile PrimaryIndexSize=183
[2022.03.15-23.23.27:897][  0]LogPakFile: PakFile PathHashIndexSize=101
[2022.03.15-23.23.27:897][  0]LogPakFile: PakFile FullDirectoryIndexSize=140
[2022.03.15-23.23.27:897][  0]LogShaderLibrary: Display: ShaderCodeLibraryPakFileMountedCallback: PakFile 'C:/Program Files/Epic Games/UE_4.27/FeaturePacks/TP_Rolling.upack' (chunk index -1, root 'root:/') mounted
[2022.03.15-23.23.27:897][  0]LogShaderLibrary: Display: ShaderCodeLibraryPakFileMountedCallback: pending pak file info (ChunkID:-1 Root:root:/ File:C:/Program Files/Epic Games/UE_4.27/FeaturePacks/TP_Rolling.upack)
[2022.03.15-23.23.27:897][  0]LogPakFile: OnPakFileMounted2Time == 0.000057
[2022.03.15-23.23.27:898][  0]LogPakFile: PakFile PrimaryIndexSize=185
[2022.03.15-23.23.27:898][  0]LogPakFile: PakFile PathHashIndexSize=101
[2022.03.15-23.23.27:898][  0]LogPakFile: PakFile FullDirectoryIndexSize=144
[2022.03.15-23.23.27:898][  0]LogShaderLibrary: Display: ShaderCodeLibraryPakFileMountedCallback: PakFile 'C:/Program Files/Epic Games/UE_4.27/FeaturePacks/TP_RollingBP.upack' (chunk index -1, root 'root:/') mounted
[2022.03.15-23.23.27:898][  0]LogShaderLibrary: Display: ShaderCodeLibraryPakFileMountedCallback: pending pak file info (ChunkID:-1 Root:root:/ File:C:/Program Files/Epic Games/UE_4.27/FeaturePacks/TP_RollingBP.upack)
[2022.03.15-23.23.27:898][  0]LogPakFile: OnPakFileMounted2Time == 0.000058
[2022.03.15-23.23.27:899][  0]LogPakFile: PakFile PrimaryIndexSize=188
[2022.03.15-23.23.27:899][  0]LogPakFile: PakFile PathHashIndexSize=101
[2022.03.15-23.23.27:899][  0]LogPakFile: PakFile FullDirectoryIndexSize=150
[2022.03.15-23.23.27:899][  0]LogShaderLibrary: Display: ShaderCodeLibraryPakFileMountedCallback: PakFile 'C:/Program Files/Epic Games/UE_4.27/FeaturePacks/TP_SideScroller.upack' (chunk index -1, root 'root:/') mounted
[2022.03.15-23.23.27:899][  0]LogShaderLibrary: Display: ShaderCodeLibraryPakFileMountedCallback: pending pak file info (ChunkID:-1 Root:root:/ File:C:/Program Files/Epic Games/UE_4.27/FeaturePacks/TP_SideScroller.upack)
[2022.03.15-23.23.27:899][  0]LogPakFile: OnPakFileMounted2Time == 0.000059
[2022.03.15-23.23.27:900][  0]LogPakFile: PakFile PrimaryIndexSize=190
[2022.03.15-23.23.27:900][  0]LogPakFile: PakFile PathHashIndexSize=101
[2022.03.15-23.23.27:900][  0]LogPakFile: PakFile FullDirectoryIndexSize=154
[2022.03.15-23.23.27:900][  0]LogShaderLibrary: Display: ShaderCodeLibraryPakFileMountedCallback: PakFile 'C:/Program Files/Epic Games/UE_4.27/FeaturePacks/TP_SideScrollerBP.upack' (chunk index -1, root 'root:/') mounted
[2022.03.15-23.23.27:900][  0]LogShaderLibrary: Display: ShaderCodeLibraryPakFileMountedCallback: pending pak file info (ChunkID:-1 Root:root:/ File:C:/Program Files/Epic Games/UE_4.27/FeaturePacks/TP_SideScrollerBP.upack)
[2022.03.15-23.23.27:900][  0]LogPakFile: OnPakFileMounted2Time == 0.000057
[2022.03.15-23.23.27:901][  0]LogPakFile: PakFile PrimaryIndexSize=187
[2022.03.15-23.23.27:901][  0]LogPakFile: PakFile PathHashIndexSize=101
[2022.03.15-23.23.27:901][  0]LogPakFile: PakFile FullDirectoryIndexSize=148
[2022.03.15-23.23.27:901][  0]LogShaderLibrary: Display: ShaderCodeLibraryPakFileMountedCallback: PakFile 'C:/Program Files/Epic Games/UE_4.27/FeaturePacks/TP_ThirdPerson.upack' (chunk index -1, root 'root:/') mounted
[2022.03.15-23.23.27:901][  0]LogShaderLibrary: Display: ShaderCodeLibraryPakFileMountedCallback: pending pak file info (ChunkID:-1 Root:root:/ File:C:/Program Files/Epic Games/UE_4.27/FeaturePacks/TP_ThirdPerson.upack)
[2022.03.15-23.23.27:901][  0]LogPakFile: OnPakFileMounted2Time == 0.000057
[2022.03.15-23.23.27:902][  0]LogPakFile: PakFile PrimaryIndexSize=189
[2022.03.15-23.23.27:902][  0]LogPakFile: PakFile PathHashIndexSize=101
[2022.03.15-23.23.27:902][  0]LogPakFile: PakFile FullDirectoryIndexSize=152
[2022.03.15-23.23.27:902][  0]LogShaderLibrary: Display: ShaderCodeLibraryPakFileMountedCallback: PakFile 'C:/Program Files/Epic Games/UE_4.27/FeaturePacks/TP_ThirdPersonBP.upack' (chunk index -1, root 'root:/') mounted
[2022.03.15-23.23.27:902][  0]LogShaderLibrary: Display: ShaderCodeLibraryPakFileMountedCallback: pending pak file info (ChunkID:-1 Root:root:/ File:C:/Program Files/Epic Games/UE_4.27/FeaturePacks/TP_ThirdPersonBP.upack)
[2022.03.15-23.23.27:902][  0]LogPakFile: OnPakFileMounted2Time == 0.000049
[2022.03.15-23.23.27:903][  0]LogPakFile: PakFile PrimaryIndexSize=183
[2022.03.15-23.23.27:903][  0]LogPakFile: PakFile PathHashIndexSize=101
[2022.03.15-23.23.27:903][  0]LogPakFile: PakFile FullDirectoryIndexSize=140
[2022.03.15-23.23.27:903][  0]LogShaderLibrary: Display: ShaderCodeLibraryPakFileMountedCallback: PakFile 'C:/Program Files/Epic Games/UE_4.27/FeaturePacks/TP_TopDown.upack' (chunk index -1, root 'root:/') mounted
[2022.03.15-23.23.27:903][  0]LogShaderLibrary: Display: ShaderCodeLibraryPakFileMountedCallback: pending pak file info (ChunkID:-1 Root:root:/ File:C:/Program Files/Epic Games/UE_4.27/FeaturePacks/TP_TopDown.upack)
[2022.03.15-23.23.27:903][  0]LogPakFile: OnPakFileMounted2Time == 0.000062
[2022.03.15-23.23.27:904][  0]LogPakFile: PakFile PrimaryIndexSize=185
[2022.03.15-23.23.27:904][  0]LogPakFile: PakFile PathHashIndexSize=101
[2022.03.15-23.23.27:904][  0]LogPakFile: PakFile FullDirectoryIndexSize=144
[2022.03.15-23.23.27:904][  0]LogShaderLibrary: Display: ShaderCodeLibraryPakFileMountedCallback: PakFile 'C:/Program Files/Epic Games/UE_4.27/FeaturePacks/TP_TopDownBP.upack' (chunk index -1, root 'root:/') mounted
[2022.03.15-23.23.27:904][  0]LogShaderLibrary: Display: ShaderCodeLibraryPakFileMountedCallback: pending pak file info (ChunkID:-1 Root:root:/ File:C:/Program Files/Epic Games/UE_4.27/FeaturePacks/TP_TopDownBP.upack)
[2022.03.15-23.23.27:904][  0]LogPakFile: OnPakFileMounted2Time == 0.000058
[2022.03.15-23.23.27:905][  0]LogPakFile: PakFile PrimaryIndexSize=185
[2022.03.15-23.23.27:905][  0]LogPakFile: PakFile PathHashIndexSize=101
[2022.03.15-23.23.27:905][  0]LogPakFile: PakFile FullDirectoryIndexSize=144
[2022.03.15-23.23.27:905][  0]LogShaderLibrary: Display: ShaderCodeLibraryPakFileMountedCallback: PakFile 'C:/Program Files/Epic Games/UE_4.27/FeaturePacks/TP_TwinStick.upack' (chunk index -1, root 'root:/') mounted
[2022.03.15-23.23.27:905][  0]LogShaderLibrary: Display: ShaderCodeLibraryPakFileMountedCallback: pending pak file info (ChunkID:-1 Root:root:/ File:C:/Program Files/Epic Games/UE_4.27/FeaturePacks/TP_TwinStick.upack)
[2022.03.15-23.23.27:905][  0]LogPakFile: OnPakFileMounted2Time == 0.000053
[2022.03.15-23.23.27:906][  0]LogPakFile: PakFile PrimaryIndexSize=187
[2022.03.15-23.23.27:906][  0]LogPakFile: PakFile PathHashIndexSize=101
[2022.03.15-23.23.27:906][  0]LogPakFile: PakFile FullDirectoryIndexSize=148
[2022.03.15-23.23.27:906][  0]LogShaderLibrary: Display: ShaderCodeLibraryPakFileMountedCallback: PakFile 'C:/Program Files/Epic Games/UE_4.27/FeaturePacks/TP_TwinStickBP.upack' (chunk index -1, root 'root:/') mounted
[2022.03.15-23.23.27:906][  0]LogShaderLibrary: Display: ShaderCodeLibraryPakFileMountedCallback: pending pak file info (ChunkID:-1 Root:root:/ File:C:/Program Files/Epic Games/UE_4.27/FeaturePacks/TP_TwinStickBP.upack)
[2022.03.15-23.23.27:906][  0]LogPakFile: OnPakFileMounted2Time == 0.000057
[2022.03.15-23.23.27:907][  0]LogPakFile: PakFile PrimaryIndexSize=183
[2022.03.15-23.23.27:907][  0]LogPakFile: PakFile PathHashIndexSize=101
[2022.03.15-23.23.27:907][  0]LogPakFile: PakFile FullDirectoryIndexSize=140
[2022.03.15-23.23.27:907][  0]LogShaderLibrary: Display: ShaderCodeLibraryPakFileMountedCallback: PakFile 'C:/Program Files/Epic Games/UE_4.27/FeaturePacks/TP_Vehicle.upack' (chunk index -1, root 'root:/') mounted
[2022.03.15-23.23.27:907][  0]LogShaderLibrary: Display: ShaderCodeLibraryPakFileMountedCallback: pending pak file info (ChunkID:-1 Root:root:/ File:C:/Program Files/Epic Games/UE_4.27/FeaturePacks/TP_Vehicle.upack)
[2022.03.15-23.23.27:907][  0]LogPakFile: OnPakFileMounted2Time == 0.000056
[2022.03.15-23.23.27:908][  0]LogPakFile: PakFile PrimaryIndexSize=186
[2022.03.15-23.23.27:908][  0]LogPakFile: PakFile PathHashIndexSize=101
[2022.03.15-23.23.27:909][  0]LogPakFile: PakFile FullDirectoryIndexSize=146
[2022.03.15-23.23.27:909][  0]LogShaderLibrary: Display: ShaderCodeLibraryPakFileMountedCallback: PakFile 'C:/Program Files/Epic Games/UE_4.27/FeaturePacks/TP_VehicleAdv.upack' (chunk index -1, root 'root:/') mounted
[2022.03.15-23.23.27:909][  0]LogShaderLibrary: Display: ShaderCodeLibraryPakFileMountedCallback: pending pak file info (ChunkID:-1 Root:root:/ File:C:/Program Files/Epic Games/UE_4.27/FeaturePacks/TP_VehicleAdv.upack)
[2022.03.15-23.23.27:909][  0]LogPakFile: OnPakFileMounted2Time == 0.000057
[2022.03.15-23.23.27:910][  0]LogPakFile: PakFile PrimaryIndexSize=188
[2022.03.15-23.23.27:910][  0]LogPakFile: PakFile PathHashIndexSize=101
[2022.03.15-23.23.27:910][  0]LogPakFile: PakFile FullDirectoryIndexSize=150
[2022.03.15-23.23.27:910][  0]LogShaderLibrary: Display: ShaderCodeLibraryPakFileMountedCallback: PakFile 'C:/Program Files/Epic Games/UE_4.27/FeaturePacks/TP_VehicleAdvBP.upack' (chunk index -1, root 'root:/') mounted
[2022.03.15-23.23.27:910][  0]LogShaderLibrary: Display: ShaderCodeLibraryPakFileMountedCallback: pending pak file info (ChunkID:-1 Root:root:/ File:C:/Program Files/Epic Games/UE_4.27/FeaturePacks/TP_VehicleAdvBP.upack)
[2022.03.15-23.23.27:910][  0]LogPakFile: OnPakFileMounted2Time == 0.000063
[2022.03.15-23.23.27:911][  0]LogPakFile: PakFile PrimaryIndexSize=185
[2022.03.15-23.23.27:911][  0]LogPakFile: PakFile PathHashIndexSize=101
[2022.03.15-23.23.27:911][  0]LogPakFile: PakFile FullDirectoryIndexSize=144
[2022.03.15-23.23.27:911][  0]LogShaderLibrary: Display: ShaderCodeLibraryPakFileMountedCallback: PakFile 'C:/Program Files/Epic Games/UE_4.27/FeaturePacks/TP_VehicleBP.upack' (chunk index -1, root 'root:/') mounted
[2022.03.15-23.23.27:911][  0]LogShaderLibrary: Display: ShaderCodeLibraryPakFileMountedCallback: pending pak file info (ChunkID:-1 Root:root:/ File:C:/Program Files/Epic Games/UE_4.27/FeaturePacks/TP_VehicleBP.upack)
[2022.03.15-23.23.27:911][  0]LogPakFile: OnPakFileMounted2Time == 0.000041
[2022.03.15-23.23.27:911][  0]LogPakFile: PakFile PrimaryIndexSize=192
[2022.03.15-23.23.27:912][  0]LogPakFile: PakFile PathHashIndexSize=101
[2022.03.15-23.23.27:912][  0]LogPakFile: PakFile FullDirectoryIndexSize=158
[2022.03.15-23.23.27:912][  0]LogShaderLibrary: Display: ShaderCodeLibraryPakFileMountedCallback: PakFile 'C:/Program Files/Epic Games/UE_4.27/FeaturePacks/TP_VirtualRealityBP.upack' (chunk index -1, root 'root:/') mounted
[2022.03.15-23.23.27:912][  0]LogShaderLibrary: Display: ShaderCodeLibraryPakFileMountedCallback: pending pak file info (ChunkID:-1 Root:root:/ File:C:/Program Files/Epic Games/UE_4.27/FeaturePacks/TP_VirtualRealityBP.upack)
[2022.03.15-23.23.27:912][  0]LogPakFile: OnPakFileMounted2Time == 0.000066
[2022.03.15-23.23.28:053][  0]LogNativeClassHierarchy: Verbose: Native class hierarchy updated for 'AddContentDialog' in 0.0005 seconds. Added 0 classes and 0 folders.
[2022.03.15-23.23.28:055][  0]LogNativeClassHierarchy: Verbose: Native class hierarchy updated for 'SceneOutliner' in 0.0007 seconds. Added 2 classes and 0 folders.
[2022.03.15-23.23.28:143][  0]LogSlate: Took 0.000562 seconds to synchronously load lazily loaded font '../../../Engine/Content/Slate/Fonts/Roboto-Regular.ttf' (155K)
[2022.03.15-23.23.28:145][  0]LogSlate: Took 0.000473 seconds to synchronously load lazily loaded font '../../../Engine/Content/Editor/Slate/Fonts/FontAwesome.ttf' (139K)
[2022.03.15-23.23.28:147][  0]LogSlate: Took 0.000511 seconds to synchronously load lazily loaded font '../../../Engine/Content/Slate/Fonts/Roboto-Bold.ttf' (160K)
[2022.03.15-23.23.28:280][  0]LogRenderer: Reallocating scene render targets to support 804x340 Format 10 NumSamples 1 (Frame:1).
[2022.03.15-23.23.28:714][  0]LogShaderCompilers: Display: Worker (5/5): shaders left to compile 10
[2022.03.15-23.23.28:714][  0]LogShaderCompilers: Display: Started 3 'Local' shader compile jobs with 'Low' priority
[2022.03.15-23.23.28:724][  0]LogNativeClassHierarchy: Verbose: Native class hierarchy updated for 'HierarchicalLODOutliner' in 0.0004 seconds. Added 0 classes and 0 folders.
[2022.03.15-23.23.28:724][  0]LogLoad: (Engine Initialization) Total time: 10.93 seconds
[2022.03.15-23.23.28:724][  0]LogLoad: (Engine Initialization) Total Blueprint compile time: 0.00 seconds
[2022.03.15-23.23.28:783][  0]LogAssetRegistry: Asset discovery search completed in 6.3007 seconds
[2022.03.15-23.23.28:793][  0]LogCollectionManager: Fixed up redirectors for 0 collections in 0.000005 seconds (updated 0 objects)
[2022.03.15-23.23.28:796][  0]LogContentStreaming: Texture pool size now 1000 MB
[2022.03.15-23.23.28:875][  3]LogSlate: Took 0.000323 seconds to synchronously load lazily loaded font '../../../Engine/Content/Slate/Fonts/Roboto-Light.ttf' (167K)
[2022.03.15-23.23.29:604][ 46]LogShaderCompilers: Display: Worker (1/5): shaders left to compile 2
[2022.03.15-23.23.29:604][ 46]LogShaderCompilers: Display: Started 1 'Local' shader compile jobs with 'ForceLocal' priority
[2022.03.15-23.23.29:751][ 60]LogSlate: Took 0.000425 seconds to synchronously load lazily loaded font '../../../Engine/Content/Slate/Fonts/Roboto-Light.ttf' (167K)
[2022.03.15-23.23.30:177][ 66]LogShaderCompilers: Display: Worker (4/5): shaders left to compile 1
[2022.03.15-23.23.30:177][ 66]LogShaderCompilers: Display: Started 1 'Local' shader compile jobs with 'ForceLocal' priority
[2022.03.15-23.23.30:240][ 67]LogShaderCompilers: Display: Worker (1/5): shaders left to compile 5
[2022.03.15-23.23.30:240][ 67]LogShaderCompilers: Display: Started 2 'Local' shader compile jobs with 'Normal' priority
[2022.03.15-23.23.30:303][ 68]LogShaderCompilers: Display: Worker (2/5): shaders left to compile 3
[2022.03.15-23.23.30:303][ 68]LogShaderCompilers: Display: Started 1 'Local' shader compile jobs with 'Normal' priority
[2022.03.15-23.23.30:607][103]LogShaderCompilers: Display: Worker (2/5): shaders left to compile 2
[2022.03.15-23.23.30:607][103]LogShaderCompilers: Display: Started 1 'Local' shader compile jobs with 'Normal' priority
[2022.03.15-23.23.30:783][122]LogShaderCompilers: Display: Worker (1/5): shaders left to compile 1
[2022.03.15-23.23.30:783][122]LogShaderCompilers: Display: Started 1 'Local' shader compile jobs with 'Normal' priority
[2022.03.15-23.23.36:182][754]LogAssetEditorSubsystem: Opening Asset editor for Blueprint /Game/InfiniteMatrix/Blueprints/BP_Enemy.BP_Enemy
[2022.03.15-23.23.36:446][754]LogNativeClassHierarchy: Verbose: Native class hierarchy updated for 'BlueprintGraph' in 0.0006 seconds. Added 126 classes and 0 folders.
[2022.03.15-23.23.37:321][754]LogSlate: Took 0.000297 seconds to synchronously load lazily loaded font '../../../Engine/Content/Slate/Fonts/Roboto-BoldCondensed.ttf' (158K)
[2022.03.15-23.23.37:367][755]LogSlate: Took 0.000299 seconds to synchronously load lazily loaded font '../../../Engine/Content/Slate/Fonts/Roboto-Italic.ttf' (157K)
[2022.03.15-23.24.46:604][352]LogSlate: Window 'BP_Enemy' being destroyed
[2022.03.15-23.24.49:618][665]LogAssetEditorSubsystem: Opening Asset editor for Blueprint /Game/InfiniteMatrix/Blueprints/BP_Player.BP_Player
